"../../../Engine/Content/Functions/Engine_MaterialFunctions01/Opacity/CameraDepthFade.uasset" 0
"../../../Engine/Content/EngineMaterials/T_Default_Material_Grid_M.uasset" 1
"../../../Engine/Content/EngineMaterials/T_Default_Material_Grid_N.uasset" 2
"../../../Engine/Content/EngineMaterials/DefaultMaterial.uasset" 3
"../../../Engine/Content/BasicShapes/Cone.uasset" 4
"../../../Engine/Content/BasicShapes/Cylinder.uasset" 5
"../../../Engine/Content/BasicShapes/Sphere.uasset" 6
"../../../Engine/Content/EditorLandscapeResources/DataLayer.uasset" 7
"../../../Engine/Content/EditorMaterials/GizmoMaterial.uasset" 8
"../../../Engine/Content/EditorMaterials/MAT_Groups_Toggle.uasset" 9
"../../../Engine/Content/EditorMaterials/MAT_Groups_Visibility.uasset" 10
"../../../Engine/Content/EditorMaterials/PreviewShadowIndicator.uasset" 11
"../../../Engine/Content/EditorMaterials/PreviewShadowIndicatorMaterial.uasset" 12
"../../../Engine/Content/EditorMaterials/AssetViewer/EpicQuadPanorama_CC+EV1.uasset" 13
"../../../Engine/Content/EditorMaterials/MatineeGroups/MAT_ColorTrack.uasset" 14
"../../../Engine/Content/EditorMaterials/MatineeGroups/MAT_Groups_Anim.uasset" 15
"../../../Engine/Content/EditorMaterials/MatineeGroups/MAT_Groups_AudioMaster.uasset" 16
"../../../Engine/Content/EditorMaterials/MatineeGroups/MAT_Groups_Director.uasset" 17
"../../../Engine/Content/EditorMaterials/MatineeGroups/MAT_Groups_Event.uasset" 18
"../../../Engine/Content/EditorMaterials/MatineeGroups/MAT_Groups_Fade.uasset" 19
"../../../Engine/Content/EditorMaterials/MatineeGroups/MAT_Groups_Float.uasset" 20
"../../../Engine/Content/EditorMaterials/MatineeGroups/MAT_Groups_Move.uasset" 21
"../../../Engine/Content/EditorMaterials/MatineeGroups/MAT_Groups_Slomo.uasset" 22
"../../../Engine/Content/EditorMaterials/MatineeGroups/MAT_Groups_Sound.uasset" 23
"../../../Engine/Content/EditorMaterials/MatineeGroups/MAT_Groups_Vector.uasset" 24
"../../../Engine/Content/EditorMaterials/ParticleSystems/PSysThumbnail_NoImage.uasset" 25
"../../../Engine/Content/EditorMaterials/ParticleSystems/PSysThumbnail_OOD.uasset" 26
"../../../Engine/Content/EditorMaterials/Camera/CineMat.uasset" 27
"../../../Engine/Content/EditorMaterials/Camera/MI_CineMat_Rig.uasset" 28
"../../../Engine/Content/EditorMeshes/Camera/SM_CraneRig_Arm.uasset" 29
"../../../Engine/Content/EditorMeshes/Camera/SM_CraneRig_Base.uasset" 30
"../../../Engine/Content/EditorMeshes/Camera/SM_CraneRig_Body.uasset" 31
"../../../Engine/Content/EditorMeshes/Camera/SM_CraneRig_Mount.uasset" 32
"../../../Engine/Content/EditorMeshes/Camera/SM_RailRig_Mount.uasset" 33
"../../../Engine/Content/EditorMeshes/Camera/SM_RailRig_Track.uasset" 34
"../../../Engine/Content/EditorMeshes/ColorCalibrator/M_ChromeBall.uasset" 35
"../../../Engine/Content/EditorMeshes/ColorCalibrator/M_ClearCoat.uasset" 36
"../../../Engine/Content/EditorMeshes/ColorCalibrator/M_ClearCoatBlack.uasset" 37
"../../../Engine/Content/EditorMeshes/ColorCalibrator/T_ColorGrid.uasset" 38
"../../../Engine/Content/EditorMeshes/ColorCalibrator/M_ColorGrid.uasset" 39
"../../../Engine/Content/EditorMeshes/ColorCalibrator/M_GreyBall.uasset" 40
"../../../Engine/Content/EditorMeshes/ColorCalibrator/SM_ColorCalibrator.uasset" 41
"../../../Engine/Content/EditorResources/BSPVertex.uasset" 42
"../../../Engine/Content/EditorResources/EmptyActor.uasset" 43
"../../../Engine/Content/EditorResources/RGBTable16x1_AssetViewer.uasset" 44
"../../../Engine/Content/EditorResources/S_Actor.uasset" 45
"../../../Engine/Content/EditorResources/S_Trigger.uasset" 46
"../../../Engine/Content/EditorResources/AudioIcons/S_AudioComponent.uasset" 47
"../../../Engine/Content/EditorResources/AudioIcons/S_AudioComponent_AutoActivate.uasset" 48
"../../../Engine/Content/EditorResources/LightIcons/S_LightError.uasset" 49
"../../../Engine/Content/EditorResources/SequenceRecorder/Countdown.uasset" 50
"../../../Engine/Content/EditorResources/SequenceRecorder/RecordingIndicator.uasset" 51
"../../../Engine/Content/EditorSounds/Notifications/CompileFailed.uasset" 52
"../../../Engine/Content/EditorSounds/Notifications/CompileFailed_Cue.uasset" 53
"../../../Engine/Content/EditorSounds/Notifications/CompileSuccess.uasset" 54
"../../../Engine/Content/EditorSounds/Notifications/CompileStart_Cue.uasset" 55
"../../../Engine/Content/EditorSounds/Notifications/CompileSuccess_Cue.uasset" 56
"../../../Engine/Content/EngineDamageTypes/DmgTypeBP_Environmental.uasset" 57
"../../../Engine/Content/EngineDebugMaterials/HeatmapGradient.uasset" 58
"../../../Engine/Content/EngineDebugMaterials/BoneWeightMaterial.uasset" 59
"../../../Engine/Content/EngineDebugMaterials/DebugMeshMaterial.uasset" 60
"../../../Engine/Content/EngineDebugMaterials/GeomMaterial.uasset" 61
"../../../Engine/Content/EngineFonts/Roboto.uasset" 62
"../../../Engine/Content/EngineFonts/RobotoTiny.uasset" 63
"../../../Engine/Content/EngineMaterials/DefaultBokeh.uasset" 64
"../../../Engine/Content/EngineMaterials/DefaultDiffuse.uasset" 65
"../../../Engine/Content/EngineMaterials/DefaultDeferredDecalMaterial.uasset" 66
"../../../Engine/Content/EngineMaterials/DefaultLightFunctionMaterial.uasset" 67
"../../../Engine/Content/EngineMaterials/DefaultPhysicalMaterial.uasset" 68
"../../../Engine/Content/Functions/Engine_MaterialFunctions02/Utility/BreakOutFloat2Components.uasset" 69
"../../../Engine/Content/EngineMaterials/DefaultPostProcessMaterial.uasset" 70
"../../../Engine/Content/EngineFonts/RobotoDistanceField.uasset" 71
"../../../Engine/Content/EngineMaterials/DefaultTextMaterialOpaque.uasset" 72
"../../../Engine/Content/EngineMaterials/DefaultWhiteGrid.uasset" 73
"../../../Engine/Content/EngineMaterials/EditorBrushMaterial.uasset" 74
"../../../Engine/Content/EngineMaterials/Good64x64TilingNoiseHighFreq.uasset" 75
"../../../Engine/Content/EngineMaterials/MiniFont.uasset" 76
"../../../Engine/Content/EngineMaterials/InvalidLightmapSettings.uasset" 77
"../../../Engine/Content/EngineMaterials/M_InvalidLightmapSettings.uasset" 78
"../../../Engine/Content/EngineMaterials/PhAT_JointLimitMaterial.uasset" 79
"../../../Engine/Content/EngineMaterials/PreintegratedSkinBRDF.uasset" 80
"../../../Engine/Content/EngineMaterials/RemoveSurfaceMaterial.uasset" 81
"../../../Engine/Content/EngineMaterials/WeightMapPlaceholderTexture.uasset" 82
"../../../Engine/Content/EngineResources/WhiteSquareTexture.uasset" 83
"../../../Engine/Content/EngineMaterials/Widget3DPassThrough.uasset" 84
"../../../Engine/Content/EngineMaterials/Widget3DPassThrough_Masked.uasset" 85
"../../../Engine/Content/EngineMaterials/Widget3DPassThrough_Opaque.uasset" 86
"../../../Engine/Content/EngineMaterials/Widget3DPassThrough_Masked_OneSided.uasset" 87
"../../../Engine/Content/EngineMaterials/Widget3DPassThrough_Opaque_OneSided.uasset" 88
"../../../Engine/Content/EngineMaterials/Widget3DPassThrough_Translucent.uasset" 89
"../../../Engine/Content/EngineMaterials/Widget3DPassThrough_Translucent_OneSided.uasset" 90
"../../../Engine/Content/EngineMeshes/Cube.uasset" 91
"../../../Engine/Content/EngineMeshes/Cylinder.uasset" 92
"../../../Engine/Content/EngineMeshes/Sphere.uasset" 93
"../../../Engine/Content/EngineResources/AICON-Green.uasset" 94
"../../../Engine/Content/EngineResources/AICON-Red.uasset" 95
"../../../Engine/Content/EngineResources/Black.uasset" 96
"../../../Engine/Content/EngineResources/DefaultTexture.uasset" 97
"../../../Engine/Content/EngineResources/DefaultTextureCube.uasset" 98
"../../../Engine/Content/EngineResources/GradientTexture0.uasset" 99
"../../../Engine/Content/EngineSounds/Master.uasset" 100
"../../../Engine/Content/EngineSounds/MasterSubmix.uasset" 101
"../../../Engine/Content/EngineTireTypes/DefaultTireType.uasset" 102
"../../../Engine/Content/Functions/Engine_MaterialFunctions01/Shading/ConvertFromDiffSpec.uasset" 103
"../../../Engine/Content/Functions/Engine_MaterialFunctions01/Shading/PowerToRoughness.uasset" 104
"../../../Engine/Content/Maps/Templates/Thumbnails/Default.uasset" 105
"../../../Engine/Content/Maps/Templates/Thumbnails/VR-Basic.uasset" 106
"../../../Engine/Content/MobileResources/T_MobileControls_texture.uasset" 107
"../../../Engine/Content/MobileResources/T_MobileMenu2.uasset" 108
"../../../Engine/Content/MobileResources/HUD/AnalogHat.uasset" 109
"../../../Engine/Content/MobileResources/HUD/VirtualJoystick_Background.uasset" 110
"../../../Engine/Content/MobileResources/HUD/VirtualJoystick_Thumb.uasset" 111
"../../../Engine/Content/MobileResources/HUD/DefaultVirtualJoysticks.uasset" 112
"../../../Engine/Content/MobileResources/HUD/LeftVirtualJoystickOnly.uasset" 113
"../../../Engine/Content/MobileResources/HUD/MobileHUDButton1_off.uasset" 114
"../../../Engine/Content/MobileResources/HUD/MobileHUDButton1_on.uasset" 115
"../../../Engine/Content/MobileResources/HUD/MobileHUDButton2_off.uasset" 116
"../../../Engine/Content/MobileResources/HUD/MobileHUDButton2_on.uasset" 117
"../../../Engine/Content/MobileResources/HUD/MobileHUDButton3.uasset" 118
"../../../Engine/Content/MobileResources/HUD/MobileHUDButtonFire.uasset" 119
"../../../Engine/Content/MobileResources/HUD/MobileHUDDirectionPad.uasset" 120
"../../../Engine/Content/MobileResources/HUD/MobileHUDDirectionPad2.uasset" 121
"../../../Engine/Content/MobileResources/HUD/MobileHUDDirectionPad3.uasset" 122
"../../../Engine/Content/MobileResources/HUD/MobileHUDDirectionStick.uasset" 123
"../../../Engine/Content/MobileResources/HUD/T_Castle_ThumbstickInner.uasset" 124
"../../../Engine/Content/MobileResources/HUD/T_Castle_ThumbstickOutter.uasset" 125
"../../../Engine/Content/Tutorial/ContentIntroCurve.uasset" 126
"../../../Engine/Content/Tutorial/Basics/TutorialAssets/icon_tab_Levels_40x.uasset" 127
"../../../Engine/Content/Tutorial/BlueprintTutorials/TutorialAssets/BlueprintInterface_64x.uasset" 128
"../../../Engine/Content/Tutorial/BlueprintTutorials/TutorialAssets/BlueprintMacroLibrary_64x.uasset" 129
"../../../Engine/Content/Tutorial/BlueprintTutorials/TutorialAssets/Blueprint_64x.uasset" 130
"../../../Engine/Content/Tutorial/BlueprintTutorials/TutorialAssets/Tutorial_BP_Interface.uasset" 131
"../../../Engine/Content/Tutorial/Foliage/TutorialAssets/Foliage.uasset" 132
"../../../Engine/Content/Tutorial/Landscape/TutorialAssets/Landscape.uasset" 133
"../../../Engine/Content/Tutorial/Paper2D/TutorialAssets/Paper2DFlipbook_TutorialIcon.uasset" 134
"../../../Engine/Content/Tutorial/Paper2D/TutorialAssets/Paper2DSprite_TutorialIcon.uasset" 135
"../../../Engine/Content/Tutorial/SubEditors/TutorialAssets/icon_Editor_Preferences_General_40x.uasset" 136
"../../../Engine/Content/Tutorial/SubEditors/TutorialAssets/icon_ShowSkeletalMeshes_40x.uasset" 137
"../../../Engine/Content/Tutorial/SubEditors/TutorialAssets/TutorialMaterial.uasset" 138
"../../../Engine/Content/Tutorial/SubEditors/TutorialAssets/T_SmokeSubUV_8X8.uasset" 139
"../../../Engine/Content/Tutorial/SubEditors/TutorialAssets/T_soft_smoke.uasset" 140
"../../../Engine/Content/Tutorial/SubEditors/TutorialAssets/M_smoke_subUV_blackbody.uasset" 141
"../../../Engine/Content/Tutorial/SubEditors/TutorialAssets/TutorialParticleSystem.uasset" 142
"../../../Engine/Content/EngineMaterials/WorldGridMaterial.uasset" 143
"../../../Engine/Content/EditorMeshes/EditorCube.uasset" 144
"../../../Engine/Content/Tutorial/SubEditors/TutorialAssets/Tutorial_DM.uasset" 145
"../../../Engine/Content/VREditor/Devices/Generic/GenericHMDMaterial.uasset" 146
"../../../Engine/Content/VREditor/Devices/Generic/GenericHMD.uasset" 147
"../../../Engine/Content/VREditor/FloatingText/LineMaterial.uasset" 148
"../../../Engine/Content/VREditor/FloatingText/JointSphere.uasset" 149
"../../../Engine/Content/VREditor/FloatingText/LineSegmentCylinder.uasset" 150
"../../../Engine/Content/VREditor/Fonts/VRText_RobotoLarge.uasset" 151
"../../../Engine/Content/VREditor/Fonts/VRTextMaterial.uasset" 152
"../../../Engine/Content/VREditor/Fonts/TranslucentVRTextMaterial.uasset" 153
"../../../Engine/Content/VREditor/LaserPointer/VR_LaserPower_01.uasset" 154
"../../../Engine/Content/VREditor/LaserPointer/LaserPointerMaterial.uasset" 155
"../../../Engine/Content/VREditor/LaserPointer/LaserPointerMaterialInst.uasset" 156
"../../../Engine/Content/VREditor/LaserPointer/TranslucentLaserPointerMaterialInst.uasset" 157
"../../../Engine/Content/VREditor/LaserPointer/LaserPointerMesh.uasset" 158
"../../../Engine/Content/VREditor/Sounds/VR_grab_Cue.uasset" 159
"../../../Engine/Content/VREditor/Sounds/VR_teleport_Cue.uasset" 160
"../../../Engine/Content/VREditor/TransformGizmo/TransformGizmoMaterial.uasset" 161
"../../../Engine/Content/VREditor/TransformGizmo/TranslucentTransformGizmoMaterial.uasset" 162
"../../../Engine/Content/VREditor/TransformGizmo/BoundingBoxCorner.uasset" 163
"../../../Engine/Content/VREditor/TransformGizmo/BoundingBoxEdge.uasset" 164
"../../../Engine/Content/VREditor/TransformGizmo/PlaneTranslationHandle.uasset" 165
"../../../Engine/Content/VREditor/TransformGizmo/RotationHandle.uasset" 166
"../../../Engine/Content/VREditor/TransformGizmo/RotationHandleFull.uasset" 167
"../../../Engine/Content/VREditor/TransformGizmo/StretchingHandle.uasset" 168
"../../../Engine/Content/VREditor/TransformGizmo/TranslateHandleLong.uasset" 169
"../../../Engine/Content/VREditor/TransformGizmo/TranslationHandle.uasset" 170
"../../../Engine/Content/VREditor/TransformGizmo/UniformScaleHandle.uasset" 171
"../../../Engine/Content/VREditor/UI/CloseButtonMesh.uasset" 172
"../../../Engine/Content/VREditor/UI/SelectionBarMesh.uasset" 173
"../../../Engine/Content/Functions/Engine_MaterialFunctions01/Gradient/RadialGradient.uasset" 174
"../../../Engine/Content/VREditor/WorldMovementGrid/SimpleGrid.uasset" 175
"../../../Engine/Content/VREditor/WorldMovementGrid/GridMaterial.uasset" 176
"../../../Engine/Content/Functions/Engine_MaterialFunctions01/Density/ExponentialDensity.uasset" 177
"../../../Engine/Content/VREditor/WorldMovementGrid/GridPostProcess.uasset" 178
"../../../Engine/Content/EditorLandscapeResources/FlattenHeightMat.uasset" 179
"../../../Engine/Content/VREditor/WorldMovementGrid/PlaneMesh.uasset" 180
"../../../UBERCOLD/Content/Character/HeroFPP_Skeleton.uasset" 181
"../../../UBERCOLD/Content/Animations/FPP_Idle.uasset" 182
"../../../UBERCOLD/Content/Animations/FPP_Fire.uasset" 183
"../../../UBERCOLD/Content/Animations/FPP_Knife.uasset" 184
"../../../UBERCOLD/Content/Animations/FPP_Run.uasset" 185
"../../../UBERCOLD/Content/AnimStarterPack/Character/HeroTPP_Skeleton.uasset" 186
"../../../UBERCOLD/Content/AnimStarterPack/Fire_Rifle_Hip.uasset" 187
"../../../UBERCOLD/Content/AnimStarterPack/Fire_Rifle_Hip_Montage.uasset" 188
"../../../UBERCOLD/Content/AnimStarterPack/Jog_Bwd_Rifle.uasset" 189
"../../../UBERCOLD/Content/AnimStarterPack/Jog_Lt_Rifle.uasset" 190
"../../../UBERCOLD/Content/AnimStarterPack/Jog_Rt_Rifle.uasset" 191
"../../../UBERCOLD/Content/AnimStarterPack/Crouch_Walk_Bwd_Rifle_Hip.uasset" 192
"../../../UBERCOLD/Content/AnimStarterPack/Crouch_Walk_Fwd_Rifle_Hip.uasset" 193
"../../../UBERCOLD/Content/AnimStarterPack/Crouch_Walk_Lt_Rifle_Hip.uasset" 194
"../../../UBERCOLD/Content/AnimStarterPack/Crouch_Walk_Rt_Rifle_Hip.uasset" 195
"../../../UBERCOLD/Content/AnimStarterPack/Character/R_CrouchWalk.uasset" 196
"../../../UBERCOLD/Content/AnimStarterPack/Idle_Rifle_Hip.uasset" 197
"../../../UBERCOLD/Content/AnimStarterPack/Jog_Fwd_Rifle.uasset" 198
"../../../UBERCOLD/Content/AnimStarterPack/Character/R_Jog2.uasset" 199
"../../../UBERCOLD/Content/Audio/Damage.uasset" 200
"../../../UBERCOLD/Content/Audio/EndLevel.uasset" 201
"../../../UBERCOLD/Content/Audio/Explosion.uasset" 202
"../../../UBERCOLD/Content/Audio/Health.uasset" 203
"../../../UBERCOLD/Content/Audio/Hovered.uasset" 204
"../../../UBERCOLD/Content/Audio/MenuTheme.uasset" 205
"../../../UBERCOLD/Content/Audio/Pickup.uasset" 206
"../../../UBERCOLD/Content/Audio/Pressed.uasset" 207
"../../../UBERCOLD/Content/Audio/SlowMotion1.uasset" 208
"../../../UBERCOLD/Content/Audio/SlowMotion2.uasset" 209
"../../../UBERCOLD/Content/Audio/StartLevel.uasset" 210
"../../../UBERCOLD/Content/Audio/Wall.uasset" 211
"../../../UBERCOLD/Content/Audio/Weapon.uasset" 212
"../../../UBERCOLD/Content/Audio/Gun/shot.uasset" 213
"../../../UBERCOLD/Content/Audio/Gun/Shells/hitSound_2.uasset" 214
"../../../UBERCOLD/Content/Audio/Fire01.uasset" 215
"../../../UBERCOLD/Content/Audio/Fire01_Cue.uasset" 216
"../../../UBERCOLD/Content/Textures/T_Fire_SubUV.uasset" 217
"../../../UBERCOLD/Content/Textures/T_Fire_Tiled_D.uasset" 218
"../../../UBERCOLD/Content/Particles/Materials/M_Fire_SubUV.uasset" 219
"../../../UBERCOLD/Content/Textures/T_Water_N.uasset" 220
"../../../UBERCOLD/Content/Particles/Materials/M_Heat_Distortion.uasset" 221
"../../../UBERCOLD/Content/Particles/Materials/M_Radial_Gradient.uasset" 222
"../../../UBERCOLD/Content/Textures/T_Smoke_SubUV.uasset" 223
"../../../UBERCOLD/Content/Textures/T_Smoke_Tiled_D.uasset" 224
"../../../UBERCOLD/Content/Particles/Materials/M_smoke_subUV.uasset" 225
"../../../UBERCOLD/Content/Particles/P_Fire.uasset" 226
"../../../UBERCOLD/Content/Blueprints/Blueprint_Effect_Fire.uasset" 227
"../../../UBERCOLD/Content/Animations/FPP_JumpEnd.uasset" 228
"../../../UBERCOLD/Content/Animations/FPP_JumpLoop.uasset" 229
"../../../UBERCOLD/Content/Animations/FPP_JumpStart.uasset" 230
"../../../UBERCOLD/Content/Animations/FPP_PistolAndKnife_idle.uasset" 231
"../../../UBERCOLD/Content/Animations/FPP_PistolAndKnife_Run.uasset" 232
"../../../UBERCOLD/Content/Character/HeroFPP_AnimBlueprint.uasset" 233
"../../../UBERCOLD/Content/Animations/FPP_PistolAndKnife_ChangeWeapon.uasset" 234
"../../../UBERCOLD/Content/Animations/HeroFPP_ChangeWeapon.uasset" 235
"../../../Engine/Content/EditorBlueprintResources/StandardMacros.uasset" 236
"../../../UBERCOLD/Content/Blueprints/ActionInterface.uasset" 237
"../../../UBERCOLD/Content/Blueprints/UCGameState.uasset" 238
"../../../UBERCOLD/Content/UI/EndLevelWidget.uasset" 239
"../../../UBERCOLD/Content/Blueprints/UCGameInstance.uasset" 240
"../../../UBERCOLD/Content/ExampleContent/HUD/Blueprints/BPI_HUD_Interface_Events.uasset" 241
"../../../UBERCOLD/Content/Assets/Textures/CoinIcon01.uasset" 242
"../../../UBERCOLD/Content/Assets/Textures/CoinIcon02.uasset" 243
"../../../UBERCOLD/Content/Textures/crosshair.uasset" 244
"../../../UBERCOLD/Content/UI/CreditsWidget.uasset" 245
"../../../UBERCOLD/Content/UI/DieMenu.uasset" 246
"../../../UBERCOLD/Content/UI/MainMenu.uasset" 247
"../../../UBERCOLD/Content/UI/PauseMenu.uasset" 248
"../../../UBERCOLD/Content/Blueprints/MyHUD.uasset" 249
"../../../UBERCOLD/Content/Blueprints/UCWeapon.uasset" 250
"../../../UBERCOLD/Content/Audio/Weapon/emptyWeapon.uasset" 251
"../../../UBERCOLD/Content/Audio/Weapon/loadingWeapon.uasset" 252
"../../../UBERCOLD/Content/Blueprints/UCWeaponRanged.uasset" 253
"../../../UBERCOLD/Content/UMG/InventorySlot.uasset" 254
"../../../UBERCOLD/Content/Blueprints/InventoryStruct.uasset" 255
"../../../UBERCOLD/Content/Textures/Texture_White.uasset" 256
"../../../UBERCOLD/Content/UMG/GameHUD.uasset" 257
"../../../UBERCOLD/Content/Assets/Blueprints/Interface_Coins.uasset" 258
"../../../UBERCOLD/Content/Assets/Materials/LightingInfo_param.uasset" 259
"../../../UBERCOLD/Content/Assets/Materials/MF_Fake_Lighting.uasset" 260
"../../../UBERCOLD/Content/Assets/Materials/CoinMat2.uasset" 261
"../../../UBERCOLD/Content/Assets/Audio/Swinger_Music.uasset" 262
"../../../UBERCOLD/Content/Assets/Audio/Swinger_Master.uasset" 263
"../../../UBERCOLD/Content/Assets/Audio/Swinger_Action_PSM.uasset" 264
"../../../UBERCOLD/Content/Assets/Audio/Swinger_CoinSound_Cue.uasset" 265
"../../../UBERCOLD/Content/Assets/Materials/CoinMat.uasset" 266
"../../../UBERCOLD/Content/Assets/Meshes/SM_Coin.uasset" 267
"../../../UBERCOLD/Content/Assets/Blueprints/Coin.uasset" 268
"../../../UBERCOLD/Content/Blueprints/DeathShake.uasset" 269
"../../../UBERCOLD/Content/Animations/FPP_PistolFire.uasset" 270
"../../../UBERCOLD/Content/Animations/FPP_Fire_Montage.uasset" 271
"../../../UBERCOLD/Content/AnimStarterPack/Fire_Shotgun_Hip.uasset" 272
"../../../Engine/Content/TemplateResources/M_Template_Master.uasset" 273
"../../../Engine/Content/TemplateResources/MI_Template_BaseBlue.uasset" 274
"../../../UBERCOLD/Content/AnimStarterPack/Character/HeroTPP_Physics2.uasset" 275
"../../../UBERCOLD/Content/AnimStarterPack/Character/SK_BOT.uasset" 276
"../../../UBERCOLD/Content/AnimStarterPack/Character/ASP_Character.uasset" 277
"../../../UBERCOLD/Content/AnimStarterPack/Character/ASP_HeroTPP_AnimBlueprint.uasset" 278
"../../../UBERCOLD/Content/AnimStarterPack/Fire_Shotgun_Hip_Montage.uasset" 279
"../../../UBERCOLD/Content/AnimStarterPack/Character/R_Jog.uasset" 280
"../../../UBERCOLD/Content/Character/HeroTPP_AnimBlueprint2.uasset" 281
"../../../UBERCOLD/Content/StarterContent/Textures/T_MacroVariation.uasset" 282
"../../../UBERCOLD/Content/StarterContent/Textures/T_Metal_Gold_D.uasset" 283
"../../../UBERCOLD/Content/StarterContent/Textures/T_Metal_Gold_N.uasset" 284
"../../../UBERCOLD/Content/StarterContent/Materials/M_Metal_Gold.uasset" 285
"../../../UBERCOLD/Content/Audio/Gun/Shells/shell_01.uasset" 286
"../../../UBERCOLD/Content/Audio/Gun/Shells/shell_02.uasset" 287
"../../../UBERCOLD/Content/Audio/Gun/Shells/shell_03.uasset" 288
"../../../UBERCOLD/Content/Audio/Gun/Shells/shell_04.uasset" 289
"../../../UBERCOLD/Content/Audio/Gun/Shells/shell_05.uasset" 290
"../../../UBERCOLD/Content/StarterContent/Materials/M_Basic_Wall.uasset" 291
"../../../UBERCOLD/Content/StarterContent/Shapes/Shape_Cylinder.uasset" 292
"../../../UBERCOLD/Content/Blueprints/UCShell.uasset" 293
"../../../Engine/Content/Functions/Engine_MaterialFunctions02/Utility/BreakOutFloat3Components.uasset" 294
"../../../UBERCOLD/Content/Textures/uniformclouds.uasset" 295
"../../../UBERCOLD/Content/Materials/M_TestMat.uasset" 296
"../../../UBERCOLD/Content/StarterContent/Textures/T_Door_M.uasset" 297
"../../../UBERCOLD/Content/StarterContent/Textures/T_Door_N.uasset" 298
"../../../UBERCOLD/Content/StarterContent/Props/Materials/M_Door.uasset" 299
"../../../UBERCOLD/Content/Audio/Template1rst_WeaponFire02.uasset" 300
"../../../UBERCOLD/Content/Materials/M_Heat_Distortion.uasset" 301
"../../../UBERCOLD/Content/Particles/BeamParticle.uasset" 302
"../../../UBERCOLD/Content/Skeletal/Fbx_Default_Material_1.uasset" 303
"../../../UBERCOLD/Content/Skeletal/M_Template_Master.uasset" 304
"../../../UBERCOLD/Content/Skeletal/Gun/Gun_Pistol_PhysicsAsset.uasset" 305
"../../../UBERCOLD/Content/Skeletal/Gun/Gun_Pistol_Skeleton.uasset" 306
"../../../UBERCOLD/Content/Skeletal/Gun/Gun_Pistol.uasset" 307
"../../../UBERCOLD/Content/StarterContent/Textures/T_Burst_M.uasset" 308
"../../../UBERCOLD/Content/StarterContent/Particles/Materials/M_Burst.uasset" 309
"../../../UBERCOLD/Content/StarterContent/Textures/T_Explosion_SubUV.uasset" 310
"../../../UBERCOLD/Content/StarterContent/Particles/Materials/M_explosion_subUV.uasset" 311
"../../../UBERCOLD/Content/StarterContent/Particles/Materials/m_flare_01.uasset" 312
"../../../UBERCOLD/Content/StarterContent/Particles/Materials/M_radial_ramp.uasset" 313
"../../../UBERCOLD/Content/StarterContent/Textures/T_Smoke_SubUV.uasset" 314
"../../../UBERCOLD/Content/StarterContent/Textures/T_Smoke_Tiled_D.uasset" 315
"../../../UBERCOLD/Content/StarterContent/Particles/Materials/M_smoke_subUV.uasset" 316
"../../../UBERCOLD/Content/StarterContent/Particles/P_Explosion.uasset" 317
"../../../UBERCOLD/Content/Blueprints/UCWeapon_EnemyBotGun.uasset" 318
"../../../UBERCOLD/Content/Materials/Enemy_Material.uasset" 319
"../../../UBERCOLD/Content/Audio/bloodSplash02.uasset" 320
"../../../UBERCOLD/Content/Audio/Gun/Shells/bloodSplash.uasset" 321
"../../../UBERCOLD/Content/Audio/Weapon/KnifeBotHitCue.uasset" 322
"../../../UBERCOLD/Content/Blueprints/AlertMode.uasset" 323
"../../../UBERCOLD/Content/Character/HeroTPP2_Physics.uasset" 324
"../../../UBERCOLD/Content/Character/HeroTPP2.uasset" 325
"../../../UBERCOLD/Content/Textures/T_blood_various.uasset" 326
"../../../UBERCOLD/Content/Textures/T_blood_various_N.uasset" 327
"../../../UBERCOLD/Content/Materials/M_impact_splash_subUV.uasset" 328
"../../../UBERCOLD/Content/Particles/P_body_bullet_impact.uasset" 329
"../../../UBERCOLD/Content/Blueprints/Enemy.uasset" 330
"../../../UBERCOLD/Content/StarterContent/Textures/T_Perlin_Noise_M.uasset" 331
"../../../UBERCOLD/Content/Textures/broken-wall-bw1.uasset" 332
"../../../UBERCOLD/Content/Textures/Texture_Impact_by_Mini_Tyson__1_.uasset" 333
"../../../UBERCOLD/Content/Materials/M_Decal_Impact.uasset" 334
"../../../UBERCOLD/Content/StarterContent/Materials/M_Basic_Wall_Inst2.uasset" 335
"../../../UBERCOLD/Content/Audio/wallHit.uasset" 336
"../../../UBERCOLD/Content/Particles/eroded.uasset" 337
"../../../UBERCOLD/Content/StarterContent/Textures/T_Rock_Basalt_N.uasset" 338
"../../../UBERCOLD/Content/Particles/eroded_Mat.uasset" 339
"../../../UBERCOLD/Content/Particles/NewParticleSystem.uasset" 340
"../../../UBERCOLD/Content/Blueprints/UCProjectile.uasset" 341
"../../../UBERCOLD/Content/Blueprints/UCWeapon_BotGun.uasset" 342
"../../../UBERCOLD/Content/Blueprints/Bot.uasset" 343
"../../../UBERCOLD/Content/Blueprints/UCProjectile2.uasset" 344
"../../../UBERCOLD/Content/Blueprints/UCWeapon_CharGun.uasset" 345
"../../../UBERCOLD/Content/Animations/FPP_KnifeSlash.uasset" 346
"../../../UBERCOLD/Content/Animations/FPP_KnifeSlash_Montage.uasset" 347
"../../../UBERCOLD/Content/Audio/Gun/knifeSlash.uasset" 348
"../../../UBERCOLD/Content/Audio/knife_hit_wall.uasset" 349
"../../../UBERCOLD/Content/Audio/knife_hit_wall2.uasset" 350
"../../../UBERCOLD/Content/Audio/knife_hit_wall3.uasset" 351
"../../../UBERCOLD/Content/Audio/Weapon/KnifeWallHitCue.uasset" 352
"../../../UBERCOLD/Content/Skeletal/Knife/SK_Knife_PhysicsAsset.uasset" 353
"../../../UBERCOLD/Content/Skeletal/Knife/SK_Knife_Skeleton.uasset" 354
"../../../UBERCOLD/Content/Skeletal/Knife/SK_Knife.uasset" 355
"../../../UBERCOLD/Content/Blueprints/UCWeapon_Knife.uasset" 356
"../../../UBERCOLD/Content/Skeletal/Shotgun/SK_Gun_Shotgun_Skeleton.uasset" 357
"../../../UBERCOLD/Content/Skeletal/Shotgun/SK_Gun_Shotgun.uasset" 358
"../../../UBERCOLD/Content/Blueprints/UCWeapon_ShotGun.uasset" 359
"../../../Engine/Content/Functions/Engine_MaterialFunctions01/Texturing/ScaleUVsByCenter.uasset" 360
"../../../Engine/Content/Functions/Engine_MaterialFunctions02/ScreenResolution.uasset" 361
"../../../Engine/Content/Functions/Engine_MaterialFunctions02/Texturing/ScreenAlignedUVs.uasset" 362
"../../../UBERCOLD/Content/ExampleContent/PostProcessing/Materials/Blood.uasset" 363
"../../../UBERCOLD/Content/ExampleContent/PostProcessing/Materials/Redvignette.uasset" 364
"../../../UBERCOLD/Content/Materials/UCTextMaterialTranslucent.uasset" 365
"../../../UBERCOLD/Content/Audio/Gun/Shells/uJezoos.uasset" 366
"../../../UBERCOLD/Content/Character/HeroFPP.uasset" 367
"../../../UBERCOLD/Content/Blueprints/MyCharacter.uasset" 368
"../../../UBERCOLD/Content/Blueprints/ShowInstructionVolume.uasset" 369
"../../../Engine/Content/TemplateResources/MI_Template_BaseOrange.uasset" 370
"../../../UBERCOLD/Content/Character/SM_Projectile.uasset" 371
"../../../UBERCOLD/Content/Effects/Sparks/Textures/T_SparkSingle.uasset" 372
"../../../UBERCOLD/Content/Effects/Impacts/Material/M_Single_Master.uasset" 373
"../../../UBERCOLD/Content/Effects/MuzzleFlash/P_MuzzleTracers.uasset" 374
"../../../UBERCOLD/Content/Effects/Steam/Textures/T_Clouds_01.uasset" 375
"../../../UBERCOLD/Content/Effects/Steam/Textures/T_SmokeBall_01_8_8.uasset" 376
"../../../UBERCOLD/Content/Effects/Impacts/Material/M_ImpactSmoke.uasset" 377
"../../../UBERCOLD/Content/Effects/Death_Blossom/MuzzleFlash/T_HeatTile_N.uasset" 378
"../../../UBERCOLD/Content/Effects/Death_Blossom/MuzzleFlash/T_SmokeBall_03_Perlin.uasset" 379
"../../../UBERCOLD/Content/Effects/MuzzleFlash/Materials/M_HeatDistort.uasset" 380
"../../../UBERCOLD/Content/Effects/MuzzleFlash/Materials/M_MuzzleFire.uasset" 381
"../../../Engine/Content/Functions/Engine_MaterialFunctions01/Gradient/LinearGradient.uasset" 382
"../../../UBERCOLD/Content/Effects/Death_Blossom/JetEngine/T_TileNoise.uasset" 383
"../../../UBERCOLD/Content/Effects/FluidDrip/T_SquareMaskTightEdge.uasset" 384
"../../../UBERCOLD/Content/Effects/MuzzleFlash/Materials/M_MuzzleGlow.uasset" 385
"../../../UBERCOLD/Content/Effects/MuzzleFlash/Materials/M_SoftGradient_Muzzle.uasset" 386
"../../../Engine/Content/Functions/Engine_MaterialFunctions02/Utility/BlendAngleCorrectedNormals.uasset" 387
"../../../Engine/Content/Functions/MaterialLayerFunctions/MatLayerBlend_AO.uasset" 388
"../../../Engine/Content/Functions/MaterialLayerFunctions/MatLayerBlend_BakedNormal.uasset" 389
"../../../Engine/Content/Functions/MaterialLayerFunctions/MatLayerBlend_Simple.uasset" 390
"../../../UBERCOLD/Content/Env/Materials/Textures/Metal/T_Metal_Metal01_brass_D.uasset" 391
"../../../UBERCOLD/Content/Env/Materials/Textures/Metal/T_Metal_Metal01_N.uasset" 392
"../../../UBERCOLD/Content/Env/Materials/MaterialLayers/Infil1/Metal/ML_Infil1_City_Brass.uasset" 393
"../../../UBERCOLD/Content/Weapons/Infil1_Infil3_v3_Attach/Barrel/Textures/Infil1_Infil3_v3_Barrel_normals.uasset" 394
"../../../UBERCOLD/Content/Weapons/Infil1_Infil3_v3_Attach/Barrel/Textures/Infil1_Infil3_v3_Barrel_occlusion.uasset" 395
"../../../UBERCOLD/Content/Weapons/Infil1_Infil3_v3_Attach/Barrel/Materials/Infil1_Infil3_v3_Bullet.uasset" 396
"../../../UBERCOLD/Content/Effects/MuzzleFlash/Textures/Flare_02.uasset" 397
"../../../UBERCOLD/Content/Effects/MuzzleFlash/Textures/Flare_04.uasset" 398
"../../../UBERCOLD/Content/Effects/Steam/Textures/T_Smoke_Tile_01.uasset" 399
"../../../UBERCOLD/Content/Effects/MuzzleFlash/Materials/M_Flare_Master.uasset" 400
"../../../UBERCOLD/Content/Effects/MuzzleFlash/Textures/Flare_03.uasset" 401
"../../../UBERCOLD/Content/Effects/MuzzleFlash/Materials/M_MetalImpact_Flare.uasset" 402
"../../../UBERCOLD/Content/Effects/MuzzleFlash/Materials/M_MuzzleFlare.uasset" 403
"../../../UBERCOLD/Content/Effects/MuzzleFlash/Meshes/SM_MuzzleCone.uasset" 404
"../../../UBERCOLD/Content/Weapons/Infil1_Infil3_v3_Attach/Barrel/Mesh/Infil1_Infil3_v3_Bullet_Case_SM.uasset" 405
"../../../UBERCOLD/Content/Effects/MuzzleFlash/P_Muzzle_Flash_Carrier.uasset" 406
"../../../UBERCOLD/Content/Effects/Impacts/Material/M_ImpactSmoke_Cheaper.uasset" 407
"../../../UBERCOLD/Content/Effects/Flares/T_Lensflare_01.uasset" 408
"../../../UBERCOLD/Content/Effects/MuzzleFlash/Materials/M_Lensflare_01.uasset" 409
"../../../UBERCOLD/Content/Effects/Steam/Textures/T_Steam_02_Packed.uasset" 410
"../../../UBERCOLD/Content/Effects/MuzzleFlash/Materials/M_MuzzleSmokeDetail_GPU.uasset" 411
"../../../UBERCOLD/Content/Weapons/Infil1_Infil3_v3_Attach/Barrel/Materials/Infil1_Infil3_v3_Bullet_MeshEmit.uasset" 412
"../../../UBERCOLD/Content/Effects/MuzzleFlash/P_Muzzle_Flash_DB.uasset" 413
"../../../UBERCOLD/Content/Effects/MuzzleFlash/P_Muzzle_Flash_DB_Closeup.uasset" 414
"../../../UBERCOLD/Content/Effects/MuzzleFlash/P_Muzzle_Flash_Infil1.uasset" 415
"../../../UBERCOLD/Content/Effects/MuzzleFlash/Materials/M_Flare_Blue_Inst.uasset" 416
"../../../UBERCOLD/Content/Effects/MuzzleFlash/Materials/M_Flare_PaleBlue.uasset" 417
"../../../UBERCOLD/Content/Effects/MuzzleFlash/Materials/M_Flare_Red_Inst.uasset" 418
"../../../UBERCOLD/Content/Effects/MuzzleFlash/Materials/M_Flare_Yellow.uasset" 419
"../../../UBERCOLD/Content/Effects/MuzzleFlash/Materials/M_MuzzleSmoke_GPU.uasset" 420
"../../../UBERCOLD/Content/Effects/MuzzleFlash/Textures/Flare_01.uasset" 421
"../../../UBERCOLD/Content/Effects/Textures/T_Effects_SmokePuff.uasset" 422
"../../../UBERCOLD/Content/Effects/Materials/M_Smoke_Swirl.uasset" 423
"../../../UBERCOLD/Content/Effects/Materials/M_Smoke_Swirl_Mirrored.uasset" 424
"../../../UBERCOLD/Content/Effects/Particle_Systems/P_Dust_Footstep.uasset" 425
"../../../UBERCOLD/Content/Effects/Particle_Systems/P_Dust_Landing.uasset" 426
"../../../UBERCOLD/Content/Effects/Particle_Systems/P_Dust_Slide.uasset" 427
"../../../UBERCOLD/Content/ExampleContent/Blueprints/Materials/M_Pickup_Health.uasset" 428
"../../../UBERCOLD/Content/ExampleContent/Blueprints/Meshes/SM_Pickup_Health.uasset" 429
"../../../UBERCOLD/Content/ExampleContent/Blueprints/Blueprints/BP_Pickup_Parent.uasset" 430
"../../../UBERCOLD/Content/ExampleContent/Blueprints/Blueprints/BP_Pickup_Child_Health.uasset" 431
"../../../UBERCOLD/Content/Materials/ProjectileMaterial.uasset" 432
"../../../UBERCOLD/Content/Meshes/MyMesh.uasset" 433
"../../../UBERCOLD/Content/Meshes/SM_Wall.uasset" 434
"../../../Engine/Content/Functions/Engine_MaterialFunctions01/Texturing/FlattenNormal.uasset" 435
"../../../Engine/Content/EditorResources/TilePatine_N.uasset" 436
"../../../Engine/Content/MapTemplates/TilingNoise05.uasset" 437
"../../../UBERCOLD/Content/Materials/M_Main.uasset" 438
"../../../UBERCOLD/Content/Meshes/Column/MI_Column.uasset" 439
"../../../UBERCOLD/Content/Meshes/Column/SM_Column.uasset" 440
"../../../UBERCOLD/Content/Meshes/Column/SM_Column_DM.uasset" 441
"../../../UBERCOLD/Content/StarterContent/Materials/M_Glass.uasset" 442
"../../../UBERCOLD/Content/Textures/Glass/glass_shattered_T_mask.uasset" 443
"../../../UBERCOLD/Content/Textures/Glass/glass_shattered_T_norm.uasset" 444
"../../../UBERCOLD/Content/Materials/Glass/M_GlassShattered_Master.uasset" 445
"../../../UBERCOLD/Content/Materials/Glass/M_GlassShattered_1.uasset" 446
"../../../UBERCOLD/Content/Audio/brokenWindow.uasset" 447
"../../../UBERCOLD/Content/Meshes/SM_DoorGlass.uasset" 448
"../../../UBERCOLD/Content/Meshes/Destruction/SM_DoorGlass_DM.uasset" 449
"../../../UBERCOLD/Content/Meshes/Destruction/SM_tile_50x50.uasset" 450
"../../../UBERCOLD/Content/Materials/M_Basic_Wall.uasset" 451
"../../../UBERCOLD/Content/Shapes/Shape_Cone.uasset" 452
"../../../UBERCOLD/Content/Shapes/Shape_Cube.uasset" 453
"../../../UBERCOLD/Content/Shapes/Shape_NarrowCapsule.uasset" 454
"../../../UBERCOLD/Content/Shapes/Shape_Pipe_90.uasset" 455
"../../../UBERCOLD/Content/Shapes/Shape_Plane.uasset" 456
"../../../UBERCOLD/Content/Shapes/Shape_QuadPyramid.uasset" 457
"../../../UBERCOLD/Content/Shapes/Shape_Torus.uasset" 458
"../../../UBERCOLD/Content/Shapes/Shape_Trim.uasset" 459
"../../../UBERCOLD/Content/Shapes/Shape_Trim_90_In.uasset" 460
"../../../UBERCOLD/Content/Shapes/Shape_Trim_90_Out.uasset" 461
"../../../UBERCOLD/Content/Shapes/Shape_TriPyramid.uasset" 462
"../../../UBERCOLD/Content/Shapes/Shape_Tube.uasset" 463
"../../../UBERCOLD/Content/Shapes/Shape_Wedge_A.uasset" 464
"../../../UBERCOLD/Content/Shapes/Shape_Wedge_B.uasset" 465
"../../../UBERCOLD/Content/Shapes/Shape_WideCapsule.uasset" 466
"../../../UBERCOLD/Content/Skeletal/Shotgun/SK_Gun_Shotgun_Physics.uasset" 467
"../../../UBERCOLD/Content/StarterContent/Audio/Starter_Music01.uasset" 468
"../../../UBERCOLD/Content/StarterContent/Audio/Starter_Music_Cue.uasset" 469
"../../../UBERCOLD/Content/StarterContent/Materials/M_Basic_Floor.uasset" 470
"../../../UBERCOLD/Content/StarterContent/Materials/M_GlassDissolve.uasset" 471
"../../../UBERCOLD/Content/StarterContent/Materials/M_GlassDissolve_Inst.uasset" 472
"../../../UBERCOLD/Content/StarterContent/Textures/T_Water_M.uasset" 473
"../../../UBERCOLD/Content/StarterContent/Textures/T_Water_N.uasset" 474
"../../../UBERCOLD/Content/StarterContent/Materials/M_Water_Ocean.uasset" 475
"../../../UBERCOLD/Content/StarterContent/Textures/T_Fire_SubUV.uasset" 476
"../../../UBERCOLD/Content/StarterContent/Textures/T_Fire_Tiled_D.uasset" 477
"../../../UBERCOLD/Content/StarterContent/Particles/Materials/M_Fire_SubUV.uasset" 478
"../../../UBERCOLD/Content/StarterContent/Particles/Materials/M_Heat_Distortion.uasset" 479
"../../../UBERCOLD/Content/StarterContent/Particles/Materials/M_Radial_Gradient.uasset" 480
"../../../UBERCOLD/Content/StarterContent/Particles/P_Fire.uasset" 481
"../../../UBERCOLD/Content/StarterContent/Textures/T_Spark_Core.uasset" 482
"../../../UBERCOLD/Content/StarterContent/Particles/Materials/M_Spark.uasset" 483
"../../../UBERCOLD/Content/StarterContent/Particles/P_Sparks.uasset" 484
"../../../UBERCOLD/Content/StarterContent/Props/Materials/M_MaterialSphere.uasset" 485
"../../../UBERCOLD/Content/StarterContent/Props/Materials/M_MaterialSphere_Plain.uasset" 486
"../../../UBERCOLD/Content/StarterContent/Props/SM_MatPreviewMesh_02.uasset" 487
"../../../UBERCOLD/Content/StarterContent/Shapes/Shape_Trim.uasset" 488
"../../../UBERCOLD/Content/StarterContent/Textures/T_Dust_Particle_D.uasset" 489
"../../../UBERCOLD/Content/StarterContent/Textures/T_Metal_Steel_N.uasset" 490
"../../../UBERCOLD/Content/Textures/SmallBump_T.uasset" 491
"../../../UBERCOLD/Content/Textures/Glass/glass_dirtMask_T.uasset" 492
"../../../UBERCOLD/Content/Textures/Glass/glass_shattered2_T_mask.uasset" 493
"../../../UBERCOLD/Content/Textures/Glass/glass_shattered2_T_norm.uasset" 494
"../../../Engine/Plugins/2D/Paper2D/Content/DummySprite.uasset" 495
"../../../Engine/Plugins/2D/Paper2D/Content/DefaultPaperTerrainMaterial.uasset" 496
"../../../Engine/Plugins/2D/Paper2D/Content/DefaultSpriteMaterial.uasset" 497
"../../../Engine/Plugins/2D/Paper2D/Content/MaskedUnlitSpriteMaterial.uasset" 498
"../../../Engine/Plugins/2D/Paper2D/Content/OpaqueUnlitSpriteMaterial.uasset" 499
"../../../Engine/Plugins/2D/Paper2D/Content/PlaceholderTextures/DummySpriteTexture.uasset" 500
"../../../UBERCOLD/Content/Blueprints/SaveGameBP.uasset" 501
"../../../UBERCOLD/Content/Blueprints/MyGame.uasset" 502
"../../../UBERCOLD/Content/Blueprints/Checkpoint.uasset" 503
"../../../UBERCOLD/Content/StarterContent/Materials/M_Basic_Wall_Inst.uasset" 504
"../../../UBERCOLD/Content/StarterContent/Architecture/Pillar_50x500.uasset" 505
"../../../UBERCOLD/Content/StarterContent/Audio/Smoke01.uasset" 506
"../../../UBERCOLD/Content/StarterContent/Audio/Smoke01_Cue.uasset" 507
"../../../UBERCOLD/Content/StarterContent/Shapes/Shape_Tube.uasset" 508
"../../../UBERCOLD/Content/Blueprints/Fan.uasset" 509
"../../../UBERCOLD/Content/Blueprints/HighScoreSave.uasset" 510
"../../../UBERCOLD/Content/Blueprints/HighScoreActor.uasset" 511
"../../../Engine/Content/EngineSky/C_Sky_Cloud_Color.uasset" 512
"../../../Engine/Content/EngineSky/C_Sky_Horizon_Color.uasset" 513
"../../../Engine/Content/EngineSky/C_Sky_Zenith_Color.uasset" 514
"../../../Engine/Content/EngineSky/T_Sky_Blue.uasset" 515
"../../../Engine/Content/EngineSky/T_Sky_Clouds_M.uasset" 516
"../../../Engine/Content/EngineSky/T_Sky_Stars.uasset" 517
"../../../Engine/Content/EngineSky/M_Sky_Panning_Clouds2.uasset" 518
"../../../Engine/Content/EngineSky/SM_SkySphere.uasset" 519
"../../../Engine/Content/EngineSky/BP_Sky_Sphere.uasset" 520
"../../../UBERCOLD/Content/Meshes/Column/MI_Tile.uasset" 521
"../../../UBERCOLD/Content/Meshes/Column/SM_Column_tile.uasset" 522
"../../../UBERCOLD/Content/Meshes/Destruction/SM_Column_tile_DM.uasset" 523
"../../../UBERCOLD/Content/Meshes/Column/MI_Connectors.uasset" 524
"../../../UBERCOLD/Content/Meshes/Column/SM_Column_tile_connector.uasset" 525
"../../../UBERCOLD/Content/Blueprints/Column.uasset" 526
"../../../UBERCOLD/Content/Blueprints/EndGameVolume.uasset" 527
"../../../UBERCOLD/Content/Materials/Emissive.uasset" 528
"../../../UBERCOLD/Content/Meshes/Gun_Shotgun.uasset" 529
"../../../UBERCOLD/Content/Particles/PickUp.uasset" 530
"../../../UBERCOLD/Content/StarterContent/Materials/M_AssetPlatform.uasset" 531
"../../../UBERCOLD/Content/StarterContent/Architecture/SM_AssetPlatform.uasset" 532
"../../../UBERCOLD/Content/Blueprints/PickUp.uasset" 533
"../../../UBERCOLD/Content/StarterContent/Materials/M_Glass_Inst.uasset" 534
"../../../UBERCOLD/Content/Meshes/TemplateCube_Rounded.uasset" 535
"../../../UBERCOLD/Content/Blueprints/RefreshVolume.uasset" 536
"../../../Engine/Content/MapTemplates/Bokeh_5Sides.uasset" 537
"../../../Engine/Content/MapTemplates/T_ScreenDirt02_w.uasset" 538
"../../../UBERCOLD/Content/Meshes/SM_GraphFrame.uasset" 539
"../../../UBERCOLD/Content/StarterContent/Audio/Steam01.uasset" 540
"../../../UBERCOLD/Content/StarterContent/Audio/Steam01_Cue.uasset" 541
"../../../UBERCOLD/Content/StarterContent/HDRI/HDRI_Epic_Courtyard_Daylight.uasset" 542
"../../../UBERCOLD/Content/StarterContent/Particles/P_Smoke.uasset" 543
"../../../UBERCOLD/Content/StarterContent/Particles/P_Steam_Lit.uasset" 544
"../../../UBERCOLD/Content/StarterContent/Shapes/Shape_Cube.uasset" 545
"../../../UBERCOLD/Content/StarterContent/Shapes/Shape_Pipe.uasset" 546
"../../../UBERCOLD/Content/StarterContent/Shapes/Shape_Pipe_90.uasset" 547
"../../../UBERCOLD/Content/Textures/LUT_MatrixGreen.uasset" 548
"../../../UBERCOLD/Content/Maps/EndGame2.umap" 549
"../../../Engine/Content/MapTemplates/SM_Template_Map_Floor.uasset" 550
"../../../UBERCOLD/Content/Maps/EndGameLevel.umap" 551
"../../../UBERCOLD/Content/UMG/PickupText.uasset" 552
"../../../UBERCOLD/Content/Shapes/Shape_Cylinder.uasset" 553
"../../../UBERCOLD/Content/Textures/Can_Normal.uasset" 554
"../../../UBERCOLD/Content/Blueprints/CanPickup.uasset" 555
"../../../UBERCOLD/Content/Shapes/Shape_Pipe.uasset" 556
"../../../UBERCOLD/Content/Blueprints/Fire.uasset" 557
"../../../UBERCOLD/Content/Blueprints/LogPickup.uasset" 558
"../../../Engine/Content/TemplateResources/MI_Template_BaseGray.uasset" 559
"../../../Engine/Content/TemplateResources/MI_Template_BaseGray_02.uasset" 560
"../../../Engine/Content/TemplateResources/MI_Template_BaseGray_03_Metal.uasset" 561
"../../../UBERCOLD/Content/Shapes/Shape_Pipe_180.uasset" 562
"../../../UBERCOLD/Content/Shapes/Shape_Sphere.uasset" 563
"../../../UBERCOLD/Content/Textures/Banana.uasset" 564
"../../../UBERCOLD/Content/Textures/Fire_Normal.uasset" 565
"../../../UBERCOLD/Content/Textures/Orange.uasset" 566
"../../../UBERCOLD/Content/Maps/Example_Map.umap" 567
"../../../Engine/Content/BasicShapes/BasicShapeMaterial.uasset" 568
"../../../Engine/Content/MapTemplates/Sky/M_BlackBackground.uasset" 569
"../../../Engine/Content/BasicShapes/Cube.uasset" 570
"../../../Engine/Content/MapTemplates/Sky/T_Sky_Stars.uasset" 571
"../../../Engine/Content/MapTemplates/Sky/T_UDK_Sky_CloudMask01_N.uasset" 572
"../../../Engine/Content/MapTemplates/T_UDK_Sky_CloudMask03.uasset" 573
"../../../Engine/Content/MapTemplates/Sky/M_Procedural_Sky_MASTER02.uasset" 574
"../../../Engine/Content/MapTemplates/Sky/SM_SkySphere.uasset" 575
"../../../UBERCOLD/Content/Maps/Example_Map2.umap" 576
"../../../UBERCOLD/Content/StarterContent/Props/SM_GlassWindow.uasset" 577
"../../../UBERCOLD/Content/Meshes/Destruction/SM_GlassWindow_DM.uasset" 578
"../../../UBERCOLD/Content/Textures/orzel_logo.uasset" 579
"../../../UBERCOLD/Content/Materials/orzel_decal.uasset" 580
"../../../UBERCOLD/Content/Materials/Test.uasset" 581
"../../../UBERCOLD/Content/Meshes/Bucket_SK.uasset" 582
"../../../UBERCOLD/Content/StarterContent/Textures/T_Frame_M.uasset" 583
"../../../UBERCOLD/Content/StarterContent/Textures/T_Frame_N.uasset" 584
"../../../UBERCOLD/Content/StarterContent/Props/Materials/M_Frame.uasset" 585
"../../../UBERCOLD/Content/StarterContent/Props/SM_CornerFrame.uasset" 586
"../../../UBERCOLD/Content/StarterContent/Props/SM_PillarFrame.uasset" 587
"../../../UBERCOLD/Content/StarterContent/Props/SM_PillarFrame300.uasset" 588
"../../../UBERCOLD/Content/StarterContent/Textures/T_Statue_M.uasset" 589
"../../../UBERCOLD/Content/StarterContent/Textures/T_Statue_N.uasset" 590
"../../../UBERCOLD/Content/StarterContent/Props/Materials/M_Statue.uasset" 591
"../../../UBERCOLD/Content/StarterContent/Props/Materials/M_StatueGlass.uasset" 592
"../../../UBERCOLD/Content/StarterContent/Props/SM_Statue.uasset" 593
"../../../UBERCOLD/Content/StarterContent/Shapes/Shape_Pipe_180.uasset" 594
"../../../UBERCOLD/Content/StarterContent/Shapes/Shape_WideCapsule.uasset" 595
"../../../UBERCOLD/Content/Maps/Introduction.umap" 596
"../../../UBERCOLD/Content/StarterContent/Textures/T_Metal_Steel_D.uasset" 597
"../../../UBERCOLD/Content/StarterContent/Textures/T_Tech_Panel_M.uasset" 598
"../../../UBERCOLD/Content/StarterContent/Textures/T_Tech_Panel_N.uasset" 599
"../../../UBERCOLD/Content/StarterContent/Materials/M_Tech_Panel.uasset" 600
"../../../UBERCOLD/Content/Maps/TEST.umap" 601
"../../../UBERCOLD/Content/UI/OptionsMenuWidget.uasset" 602
"../../../UBERCOLD/Content/UI/NewMainMenu.uasset" 603
"../../../UBERCOLD/Content/Blueprints/MainMenuActor.uasset" 604
"../../../UBERCOLD/Content/Maps/TestMainMenu.umap" 605
"../../../Engine/Content/Maps/Entry.umap" 606
