Log file open, 02/10/18 16:18:18
LogInit:Display: Running engine for game: mercymain
LogPlatformFile: Not using cached read wrapper
LogInit:Display: RandInit(1393050514) SRandInit(1393050514).
LogTaskGraph: Started task graph with 5 named threads and 8 total threads with 1 sets of task threads.
LogStats: Stats thread started at 0.263398
LogPluginManager: Loaded Plugin Paper2D, From D:/Program Files/Epic Games/UE_4.14/Engine/Plugins/2D/Paper2D/Paper2D.uplugin
LogPluginManager: Loaded Plugin LightPropagationVolume, From D:/Program Files/Epic Games/UE_4.14/Engine/Plugins/Blendables/LightPropagationVolume/LightPropagationVolume.uplugin
LogPluginManager: Loaded Plugin BlankPlugin, From D:/Program Files/Epic Games/UE_4.14/Engine/Plugins/Developer/BlankPlugin/BlankPlugin.uplugin
LogPluginManager: Loaded Plugin CodeLiteSourceCodeAccess, From D:/Program Files/Epic Games/UE_4.14/Engine/Plugins/Developer/CodeLiteSourceCodeAccess/CodeLiteSourceCodeAccess.uplugin
LogPluginManager: Loaded Plugin GitSourceControl, From D:/Program Files/Epic Games/UE_4.14/Engine/Plugins/Developer/GitSourceControl/GitSourceControl.uplugin
LogPluginManager: Loaded Plugin KDevelopSourceCodeAccess, From D:/Program Files/Epic Games/UE_4.14/Engine/Plugins/Developer/KDevelopSourceCodeAccess/KDevelopSourceCodeAccess.uplugin
LogPluginManager: Loaded Plugin NullSourceCodeAccess, From D:/Program Files/Epic Games/UE_4.14/Engine/Plugins/Developer/NullSourceCodeAccess/NullSourceCodeAccess.uplugin
LogPluginManager: Loaded Plugin OneSkyLocalizationService, From D:/Program Files/Epic Games/UE_4.14/Engine/Plugins/Developer/OneSkyLocalizationService/OneSkyLocalizationService.uplugin
LogPluginManager: Loaded Plugin PerforceSourceControl, From D:/Program Files/Epic Games/UE_4.14/Engine/Plugins/Developer/PerforceSourceControl/PerforceSourceControl.uplugin
LogPluginManager: Loaded Plugin SubversionSourceControl, From D:/Program Files/Epic Games/UE_4.14/Engine/Plugins/Developer/SubversionSourceControl/SubversionSourceControl.uplugin
LogPluginManager: Loaded Plugin UObjectPlugin, From D:/Program Files/Epic Games/UE_4.14/Engine/Plugins/Developer/UObjectPlugin/UObjectPlugin.uplugin
LogPluginManager: Loaded Plugin VisualStudioSourceCodeAccess, From D:/Program Files/Epic Games/UE_4.14/Engine/Plugins/Developer/VisualStudioSourceCodeAccess/VisualStudioSourceCodeAccess.uplugin
LogPluginManager: Loaded Plugin XCodeSourceCodeAccess, From D:/Program Files/Epic Games/UE_4.14/Engine/Plugins/Developer/XCodeSourceCodeAccess/XCodeSourceCodeAccess.uplugin
LogPluginManager: Loaded Plugin AudioCapture, From D:/Program Files/Epic Games/UE_4.14/Engine/Plugins/Editor/AudioCapture/AudioCapture.uplugin
LogPluginManager: Loaded Plugin EpicSurvey, From D:/Program Files/Epic Games/UE_4.14/Engine/Plugins/Editor/EpicSurvey/EpicSurvey.uplugin
LogPluginManager: Loaded Plugin MacGraphicsSwitching, From D:/Program Files/Epic Games/UE_4.14/Engine/Plugins/Editor/MacGraphicsSwitching/MacGraphicsSwitching.uplugin
LogPluginManager: Loaded Plugin MobileLauncherProfileWizard, From D:/Program Files/Epic Games/UE_4.14/Engine/Plugins/Editor/MobileLauncherProfileWizard/MobileLauncherProfileWizard.uplugin
LogPluginManager: Loaded Plugin PluginBrowser, From D:/Program Files/Epic Games/UE_4.14/Engine/Plugins/Editor/PluginBrowser/PluginBrowser.uplugin
LogPluginManager: Loaded Plugin SpeedTreeImporter, From D:/Program Files/Epic Games/UE_4.14/Engine/Plugins/Editor/SpeedTreeImporter/SpeedTreeImporter.uplugin
LogPluginManager: Loaded Plugin SuperSearchEditor, From D:/Program Files/Epic Games/UE_4.14/Engine/Plugins/Editor/SuperSearchEditor/SuperSearchEditor.uplugin
LogPluginManager: Loaded Plugin AlembicImporter, From D:/Program Files/Epic Games/UE_4.14/Engine/Plugins/Experimental/AlembicImporter/AlembicImporter.uplugin
LogPluginManager: Loaded Plugin BlueprintStats, From D:/Program Files/Epic Games/UE_4.14/Engine/Plugins/Experimental/BlueprintStats/BlueprintStats.uplugin
LogPluginManager: Loaded Plugin CharacterAI, From D:/Program Files/Epic Games/UE_4.14/Engine/Plugins/Experimental/CharacterAI/CharacterAI.uplugin
LogPluginManager: Loaded Plugin CodeEditor, From D:/Program Files/Epic Games/UE_4.14/Engine/Plugins/Experimental/CodeEditor/CodeEditor.uplugin
LogPluginManager: Loaded Plugin CodeView, From D:/Program Files/Epic Games/UE_4.14/Engine/Plugins/Experimental/CodeView/CodeView.uplugin
LogPluginManager: Loaded Plugin HTML5Networking, From D:/Program Files/Epic Games/UE_4.14/Engine/Plugins/Experimental/HTML5Networking/HTML5Networking.uplugin
LogPluginManager: Loaded Plugin OSVR, From D:/Program Files/Epic Games/UE_4.14/Engine/Plugins/Experimental/OSVR/OSVR.uplugin
LogPluginManager: Loaded Plugin Phya, From D:/Program Files/Epic Games/UE_4.14/Engine/Plugins/Experimental/Phya/Phya.uplugin
LogPluginManager: Loaded Plugin SignificanceManager, From D:/Program Files/Epic Games/UE_4.14/Engine/Plugins/Experimental/SignificanceManager/SignificanceManager.uplugin
LogPluginManager: Loaded Plugin SimpleHMD, From D:/Program Files/Epic Games/UE_4.14/Engine/Plugins/Experimental/SimpleHMD/SimpleHMD.uplugin
LogPluginManager: Loaded Plugin StereoPanorama, From D:/Program Files/Epic Games/UE_4.14/Engine/Plugins/Experimental/StereoPanorama/StereoPanorama.uplugin
LogPluginManager: Loaded Plugin StructBox, From D:/Program Files/Epic Games/UE_4.14/Engine/Plugins/Experimental/StructBox/StructBox.uplugin
LogPluginManager: Loaded Plugin Substance, From D:/Program Files/Epic Games/UE_4.14/Engine/Plugins/Marketplace/Substance/Substance.uplugin
LogPluginManager: Loaded Plugin AndroidMedia, From D:/Program Files/Epic Games/UE_4.14/Engine/Plugins/Media/AndroidMedia/AndroidMedia.uplugin
LogPluginManager: Loaded Plugin AvfMedia, From D:/Program Files/Epic Games/UE_4.14/Engine/Plugins/Media/AvfMedia/AvfMedia.uplugin
LogPluginManager: Loaded Plugin MediaPlayerEditor, From D:/Program Files/Epic Games/UE_4.14/Engine/Plugins/Media/MediaPlayerEditor/MediaPlayerEditor.uplugin
LogPluginManager: Loaded Plugin WmfMedia, From D:/Program Files/Epic Games/UE_4.14/Engine/Plugins/Media/WmfMedia/WmfMedia.uplugin
LogPluginManager: Loaded Plugin MessagingDebugger, From D:/Program Files/Epic Games/UE_4.14/Engine/Plugins/Messaging/MessagingDebugger/MessagingDebugger.uplugin
LogPluginManager: Loaded Plugin TcpMessaging, From D:/Program Files/Epic Games/UE_4.14/Engine/Plugins/Messaging/TcpMessaging/TcpMessaging.uplugin
LogPluginManager: Loaded Plugin UdpMessaging, From D:/Program Files/Epic Games/UE_4.14/Engine/Plugins/Messaging/UdpMessaging/UdpMessaging.uplugin
LogPluginManager: Loaded Plugin LevelSequenceEditor, From D:/Program Files/Epic Games/UE_4.14/Engine/Plugins/MovieScene/LevelSequenceEditor/LevelSequenceEditor.uplugin
LogPluginManager: Loaded Plugin MatineeToLevelSequence, From D:/Program Files/Epic Games/UE_4.14/Engine/Plugins/MovieScene/MatineeToLevelSequence/MatineeToLevelSequence.uplugin
LogPluginManager: Loaded Plugin NetcodeUnitTest, From D:/Program Files/Epic Games/UE_4.14/Engine/Plugins/NetcodeUnitTest/NetcodeUnitTest/NetcodeUnitTest.uplugin
LogPluginManager: Loaded Plugin NUTUnrealEngine4, From D:/Program Files/Epic Games/UE_4.14/Engine/Plugins/NetcodeUnitTest/NUTUnrealEngine4/NUTUnrealEngine4.uplugin
LogPluginManager: Loaded Plugin OnlineSubsystemGameCircle, From D:/Program Files/Epic Games/UE_4.14/Engine/Plugins/Online/Android/OnlineSubsystemGameCircle/OnlineSubsystemGameCircle.uplugin
LogPluginManager: Loaded Plugin OnlineSubsystemGooglePlay, From D:/Program Files/Epic Games/UE_4.14/Engine/Plugins/Online/Android/OnlineSubsystemGooglePlay/OnlineSubsystemGooglePlay.uplugin
LogPluginManager: Loaded Plugin OnlineSubsystemIOS, From D:/Program Files/Epic Games/UE_4.14/Engine/Plugins/Online/IOS/OnlineSubsystemIOS/OnlineSubsystemIOS.uplugin
LogPluginManager: Loaded Plugin OnlineFramework, From D:/Program Files/Epic Games/UE_4.14/Engine/Plugins/Online/OnlineFramework/OnlineFramework.uplugin
LogPluginManager: Loaded Plugin OnlineSubsystem, From D:/Program Files/Epic Games/UE_4.14/Engine/Plugins/Online/OnlineSubsystem/OnlineSubsystem.uplugin
LogPluginManager: Loaded Plugin OnlineSubsystemAmazon, From D:/Program Files/Epic Games/UE_4.14/Engine/Plugins/Online/OnlineSubsystemAmazon/OnlineSubsystemAmazon.uplugin
LogPluginManager: Loaded Plugin OnlineSubsystemFacebook, From D:/Program Files/Epic Games/UE_4.14/Engine/Plugins/Online/OnlineSubsystemFacebook/OnlineSubsystemFacebook.uplugin
LogPluginManager: Loaded Plugin OnlineSubsystemNull, From D:/Program Files/Epic Games/UE_4.14/Engine/Plugins/Online/OnlineSubsystemNull/OnlineSubsystemNull.uplugin
LogPluginManager: Loaded Plugin OnlineSubsystemOculus, From D:/Program Files/Epic Games/UE_4.14/Engine/Plugins/Online/OnlineSubsystemOculus/OnlineSubsystemOculus.uplugin
LogPluginManager: Loaded Plugin OnlineSubsystemSteam, From D:/Program Files/Epic Games/UE_4.14/Engine/Plugins/Online/OnlineSubsystemSteam/OnlineSubsystemSteam.uplugin
LogPluginManager: Loaded Plugin OnlineSubsystemUtils, From D:/Program Files/Epic Games/UE_4.14/Engine/Plugins/Online/OnlineSubsystemUtils/OnlineSubsystemUtils.uplugin
LogPluginManager: Loaded Plugin IOSTapJoy, From D:/Program Files/Epic Games/UE_4.14/Engine/Plugins/Runtime/Advertising/IOSTapJoy/IOSTapJoy.uplugin
LogPluginManager: Loaded Plugin AnalyticsBlueprintLibrary, From D:/Program Files/Epic Games/UE_4.14/Engine/Plugins/Runtime/Analytics/AnalyticsBlueprintLibrary/AnalyticsBlueprintLibrary.uplugin
LogPluginManager: Loaded Plugin AnalyticsMulticast, From D:/Program Files/Epic Games/UE_4.14/Engine/Plugins/Runtime/Analytics/AnalyticsMulticast/AnalyticsMulticast.uplugin
LogPluginManager: Loaded Plugin Apsalar, From D:/Program Files/Epic Games/UE_4.14/Engine/Plugins/Runtime/Analytics/Apsalar/Apsalar.uplugin
LogPluginManager: Loaded Plugin FileLogging, From D:/Program Files/Epic Games/UE_4.14/Engine/Plugins/Runtime/Analytics/FileLogging/FileLogging.uplugin
LogPluginManager: Loaded Plugin Flurry, From D:/Program Files/Epic Games/UE_4.14/Engine/Plugins/Runtime/Analytics/Flurry/Flurry.uplugin
LogPluginManager: Loaded Plugin AndroidDeviceProfileSelector, From D:/Program Files/Epic Games/UE_4.14/Engine/Plugins/Runtime/AndroidDeviceProfileSelector/AndroidDeviceProfileSelector.uplugin
LogPluginManager: Loaded Plugin AndroidMoviePlayer, From D:/Program Files/Epic Games/UE_4.14/Engine/Plugins/Runtime/AndroidMoviePlayer/AndroidMoviePlayer.uplugin
LogPluginManager: Loaded Plugin AppleMoviePlayer, From D:/Program Files/Epic Games/UE_4.14/Engine/Plugins/Runtime/AppleMoviePlayer/AppleMoviePlayer.uplugin
LogPluginManager: Loaded Plugin ArchVisCharacter, From D:/Program Files/Epic Games/UE_4.14/Engine/Plugins/Runtime/ArchVisCharacter/ArchVisCharacter.uplugin
LogPluginManager: Loaded Plugin CableComponent, From D:/Program Files/Epic Games/UE_4.14/Engine/Plugins/Runtime/CableComponent/CableComponent.uplugin
LogPluginManager: Loaded Plugin CustomMeshComponent, From D:/Program Files/Epic Games/UE_4.14/Engine/Plugins/Runtime/CustomMeshComponent/CustomMeshComponent.uplugin
LogPluginManager: Loaded Plugin ExampleDeviceProfileSelector, From D:/Program Files/Epic Games/UE_4.14/Engine/Plugins/Runtime/ExampleDeviceProfileSelector/ExampleDeviceProfileSelector.uplugin
LogPluginManager: Loaded Plugin GearVR, From D:/Program Files/Epic Games/UE_4.14/Engine/Plugins/Runtime/GearVR/GearVR.uplugin
LogPluginManager: Loaded Plugin GoogleVRController, From D:/Program Files/Epic Games/UE_4.14/Engine/Plugins/Runtime/GoogleVR/GoogleVRController/GoogleVRController.uplugin
LogPluginManager: Loaded Plugin GoogleVRHMD, From D:/Program Files/Epic Games/UE_4.14/Engine/Plugins/Runtime/GoogleVR/GoogleVRHMD/GoogleVRHMD.uplugin
LogPluginManager: Loaded Plugin IOSDeviceProfileSelector, From D:/Program Files/Epic Games/UE_4.14/Engine/Plugins/Runtime/IOSDeviceProfileSelector/IOSDeviceProfileSelector.uplugin
LogPluginManager: Loaded Plugin LeapMotion, From D:/Program Files/Epic Games/UE_4.14/Engine/Plugins/Runtime/LeapMotion/LeapMotion.uplugin
LogPluginManager: Loaded Plugin LinuxDeviceProfileSelector, From D:/Program Files/Epic Games/UE_4.14/Engine/Plugins/Runtime/LinuxDeviceProfileSelector/LinuxDeviceProfileSelector.uplugin
LogPluginManager: Loaded Plugin MIDIDevice, From D:/Program Files/Epic Games/UE_4.14/Engine/Plugins/Runtime/MIDIDevice/MIDIDevice.uplugin
LogPluginManager: Loaded Plugin MobilePatchingUtils, From D:/Program Files/Epic Games/UE_4.14/Engine/Plugins/Runtime/MobilePatchingUtils/MobilePatchingUtils.uplugin
LogPluginManager: Loaded Plugin Ansel, From D:/Program Files/Epic Games/UE_4.14/Engine/Plugins/Runtime/Nvidia/Ansel/Ansel.uplugin
LogPluginManager: Loaded Plugin OculusAudio, From D:/Program Files/Epic Games/UE_4.14/Engine/Plugins/Runtime/OculusAudio/OculusAudio.uplugin
LogPluginManager: Loaded Plugin OculusInput, From D:/Program Files/Epic Games/UE_4.14/Engine/Plugins/Runtime/OculusInput/OculusInput.uplugin
LogPluginManager: Loaded Plugin OculusLibrary, From D:/Program Files/Epic Games/UE_4.14/Engine/Plugins/Runtime/OculusLibrary/OculusLibrary.uplugin
LogPluginManager: Loaded Plugin OculusRift, From D:/Program Files/Epic Games/UE_4.14/Engine/Plugins/Runtime/OculusRift/OculusRift.uplugin
LogPluginManager: Loaded Plugin Oodle, From D:/Program Files/Epic Games/UE_4.14/Engine/Plugins/Runtime/PacketHandlers/CompressionComponents/Oodle/Oodle.uplugin
LogPluginManager: Loaded Plugin ProceduralMeshComponent, From D:/Program Files/Epic Games/UE_4.14/Engine/Plugins/Runtime/ProceduralMeshComponent/ProceduralMeshComponent.uplugin
LogPluginManager: Loaded Plugin SoundMod, From D:/Program Files/Epic Games/UE_4.14/Engine/Plugins/Runtime/SoundMod/SoundMod.uplugin
LogPluginManager: Loaded Plugin SoundVisualizations, From D:/Program Files/Epic Games/UE_4.14/Engine/Plugins/Runtime/SoundVisualizations/SoundVisualizations.uplugin
LogPluginManager: Loaded Plugin SteamController, From D:/Program Files/Epic Games/UE_4.14/Engine/Plugins/Runtime/Steam/SteamController/SteamController.uplugin
LogPluginManager: Loaded Plugin SteamVR, From D:/Program Files/Epic Games/UE_4.14/Engine/Plugins/Runtime/Steam/SteamVR/SteamVR.uplugin
LogPluginManager: Loaded Plugin WebBrowserWidget, From D:/Program Files/Epic Games/UE_4.14/Engine/Plugins/Runtime/WebBrowserWidget/WebBrowserWidget.uplugin
LogPluginManager: Loaded Plugin WindowsDeviceProfileSelector, From D:/Program Files/Epic Games/UE_4.14/Engine/Plugins/Runtime/WindowsDeviceProfileSelector/WindowsDeviceProfileSelector.uplugin
LogPluginManager: Loaded Plugin WindowsMoviePlayer, From D:/Program Files/Epic Games/UE_4.14/Engine/Plugins/Runtime/WindowsMoviePlayer/WindowsMoviePlayer.uplugin
LogPluginManager: Loaded Plugin ScriptPlugin, From D:/Program Files/Epic Games/UE_4.14/Engine/Plugins/ScriptPlugin/ScriptPlugin.uplugin
LogPluginManager: Loaded Plugin SlateRemote, From D:/Program Files/Epic Games/UE_4.14/Engine/Plugins/Slate/SlateRemote/SlateRemote.uplugin
LogPluginManager: Loaded Plugin EditorTests, From D:/Program Files/Epic Games/UE_4.14/Engine/Plugins/Tests/EditorTests/EditorTests.uplugin
LogPluginManager: Loaded Plugin FbxAutomationTestBuilder, From D:/Program Files/Epic Games/UE_4.14/Engine/Plugins/Tests/FbxAutomationTestBuilder/FbxAutomationTestBuilder.uplugin
LogPluginManager: Loaded Plugin FunctionalTestingEditor, From D:/Program Files/Epic Games/UE_4.14/Engine/Plugins/Tests/FunctionalTestingEditor/FunctionalTestingEditor.uplugin
LogPluginManager: Loaded Plugin RuntimeTests, From D:/Program Files/Epic Games/UE_4.14/Engine/Plugins/Tests/RuntimeTests/RuntimeTests.uplugin
LogPluginManager: Loaded Plugin ScreenshotTools, From D:/Program Files/Epic Games/UE_4.14/Engine/Plugins/Tests/ScreenshotTools/ScreenshotTools.uplugin
LogInit: Using libcurl 7.47.1
LogInit:  - built for x86_64-pc-win32
LogInit:  - supports SSL with OpenSSL/1.0.2g
LogInit:  - supports HTTP deflate (compression) using libz 1.2.8
LogInit:  - other features:
LogInit:      CURL_VERSION_SSL
LogInit:      CURL_VERSION_LIBZ
LogInit:      CURL_VERSION_IPV6
LogInit:      CURL_VERSION_ASYNCHDNS
LogInit:      CURL_VERSION_LARGEFILE
LogInit:      CURL_VERSION_IDN
LogInit:  CurlRequestOptions (configurable via config and command line):
LogInit:  - bVerifyPeer = false  - Libcurl will NOT verify peer certificate
LogInit:  - bUseHttpProxy = false  - Libcurl will NOT use HTTP proxy
LogInit:  - bDontReuseConnections = false  - Libcurl will reuse connections
LogInit:  - CertBundlePath = nullptr  - Libcurl will use whatever was configured at build time.
LogInit: Build: ++UE4+Release-4.14-CL-3249277
LogInit: Engine Version: 4.14.3-3249277+++UE4+Release-4.14
LogInit: Compatible Engine Version: 4.14.0-3195953+++UE4+Release-4.14
LogInit: Net CL: 3195953
LogDevObjectVersion: Number of dev versions registered: 13
LogDevObjectVersion:   Dev-Blueprints (B0D832E4-1F89-4F0D-ACCF-7EB736FD4AA2): 7
LogDevObjectVersion:   Dev-Build (E1C64328-A22C-4D53-A36C-8E866417BD8C): 0
LogDevObjectVersion:   Dev-Core (375EC13C-06E4-48FB-B500-84F0262A717E): 1
LogDevObjectVersion:   Dev-Editor (E4B068ED-F494-42E9-A231-DA0B2E46BB41): 8
LogDevObjectVersion:   Dev-Framework (CFFC743F-43B0-4480-9391-14DF171D2073): 17
LogDevObjectVersion:   Dev-Mobile (B02B49B5-BB20-44E9-A304-32B752E40360): 0
LogDevObjectVersion:   Dev-Networking (A4E4105C-59A1-49B5-A7C5-40C4547EDFEE): 0
LogDevObjectVersion:   Dev-Online (39C831C9-5AE6-47DC-9A44-9C173E1C8E7C): 0
LogDevObjectVersion:   Dev-Physics (78F01B33-EBEA-4F98-B9B4-84EACCB95AA2): 0
LogDevObjectVersion:   Dev-Platform (6631380F-2D4D-43E0-8009-CF276956A95A): 0
LogDevObjectVersion:   Dev-Rendering (12F88B9F-8875-4AFC-A67C-D90C383ABD29): 12
LogDevObjectVersion:   Dev-Sequencer (7B5AE74C-D270-4C10-A958-57980B212A5A): 1
LogDevObjectVersion:   Dev-VR (D7296918-1DD6-4BDD-9DE2-64A83CC13884): 0
LogInit: Compiled (64-bit): Jan  6 2017 10:49:43
LogInit: Compiled with Visual C++: 19.00.23026.00
LogInit: Build Configuration: Development
LogInit: Branch Name: ++UE4+Release-4.14
LogInit: Command line:  
LogInit: Base directory: D:/Program Files/Epic Games/UE_4.14/Engine/Binaries/Win64/
LogInit: Installed Engine Build: 1
LogInit: Presizing for max 8388607 objects, including 0 objects not considered by GC, pre-allocating 0 bytes for permanent pool.
LogInit: Object subsystem initialized
[2018.02.10-14.18.18:966][  0]LogInit: Selected Device Profile: [Windows]
[2018.02.10-14.18.18:966][  0]LogInit: Applying CVar settings loaded from the selected device profile: [Windows]
[2018.02.10-14.18.19:044][  0]LogInit: Computer: DESKTOP-60R1QGO
[2018.02.10-14.18.19:044][  0]LogInit: User: galak
[2018.02.10-14.18.19:044][  0]LogInit: CPU Page size=65536, Cores=4
[2018.02.10-14.18.19:044][  0]LogInit: High frequency timer resolution =2.728056 MHz
[2018.02.10-14.18.19:045][  0]LogMemory: Memory total: Physical=7.9GB (8GB approx)
[2018.02.10-14.18.19:045][  0]LogMemory: Platform Memory Stats for Windows
[2018.02.10-14.18.19:045][  0]LogMemory: Process Physical Memory: 262.75 MB used, 262.75 MB peak
[2018.02.10-14.18.19:045][  0]LogMemory: Process Virtual Memory: 262.25 MB used, 262.25 MB peak
[2018.02.10-14.18.19:045][  0]LogMemory: Physical Memory: 4210.86 MB used,  3920.28 MB free, 8131.13 MB total
[2018.02.10-14.18.19:045][  0]LogMemory: Virtual Memory: 708.78 MB used,  3920.28 MB free, 134217728.00 MB total
[2018.02.10-14.18.20:150][  0]LogTextLocalizationManager: No translations for ('bg-BG') exist, falling back to 'en' for localization and internationalization data.
[2018.02.10-14.18.25:299][  0]LogD3D11RHI: D3D11 adapters:
[2018.02.10-14.18.25:347][  0]LogD3D11RHI:    0. 'AMD Radeon R7 200 Series' (Feature Level 11_0)
[2018.02.10-14.18.25:347][  0]LogD3D11RHI:       2029/0/4065 MB DedicatedVideo/DedicatedSystem/SharedSystem, Outputs:1, VendorId:0x1002
[2018.02.10-14.18.25:409][  0]LogD3D11RHI:    1. 'Microsoft Basic Render Driver' (Feature Level 11_0)
[2018.02.10-14.18.25:409][  0]LogD3D11RHI:       0/0/4065 MB DedicatedVideo/DedicatedSystem/SharedSystem, Outputs:0, VendorId:0x1414
[2018.02.10-14.18.25:409][  0]LogD3D11RHI: Chosen D3D11 Adapter: 0
[2018.02.10-14.18.25:416][  0]LogD3D11RHI: Creating new Direct3DDevice
[2018.02.10-14.18.25:416][  0]LogD3D11RHI:     GPU DeviceId: 0x6611 (for the marketing name, search the web for "GPU Device Id")
[2018.02.10-14.18.25:416][  0]LogWindows: EnumDisplayDevices:
[2018.02.10-14.18.25:416][  0]LogWindows:    0. 'AMD Radeon R7 200 Series' (P:1 D:1)
[2018.02.10-14.18.25:417][  0]LogWindows:    1. 'AMD Radeon R7 200 Series' (P:0 D:0)
[2018.02.10-14.18.25:417][  0]LogWindows: DebugString: GetVideoDriverDetailsInvalid PrimaryIsNotTheChoosenAdapter GetVideoDriverDetailsInvalid PrimaryIsNotTheChoosenAdapter FoundDriverCount:0 
[2018.02.10-14.18.25:417][  0]LogD3D11RHI:     Adapter Name: AMD Radeon R7 200 Series
[2018.02.10-14.18.25:417][  0]LogD3D11RHI:   Driver Version: Unknown (internal:Unknown, unified:Unknown)
[2018.02.10-14.18.25:417][  0]LogD3D11RHI:      Driver Date: Unknown
[2018.02.10-14.18.25:417][  0]LogRHI: Texture pool is 1361 MB (70% of 1945 MB)
[2018.02.10-14.18.25:431][  0]LogD3D11RHI: Async texture creation enabled
[2018.02.10-14.18.25:593][  0]LogD3D11RHI: GPU Timing Frequency: 27.000000 (Debug: 2 1)
[2018.02.10-14.18.25:595][  0]LogShaderCompilers: Guid format shader working directory is -9 characters bigger than the processId version (C:/Users/galak/Downloads/mercymain/purjola123/mercymain/Intermediate/Shaders/WorkingDirectory/1288/).
[2018.02.10-14.18.25:595][  0]LogShaderCompilers: Cleaned the shader compiler working directory 'C:/Users/galak/AppData/Local/Temp/UnrealShaderWorkingDir/18CA48C945A01D3F99BA049FFA606BC1/'.
[2018.02.10-14.18.25:595][  0]LogShaderCompilers:Display: Using Local Shader Compiler.
[2018.02.10-14.18.32:751][  0]LogTemp:Display: Loaded TP AllDesktopTargetPlatform
[2018.02.10-14.18.32:801][  0]LogTemp:Display: Loaded TP MacClientTargetPlatform
[2018.02.10-14.18.32:850][  0]LogTemp:Display: Loaded TP MacNoEditorTargetPlatform
[2018.02.10-14.18.32:898][  0]LogTemp:Display: Loaded TP MacServerTargetPlatform
[2018.02.10-14.18.32:980][  0]LogTemp:Display: Loaded TP MacTargetPlatform
[2018.02.10-14.18.33:029][  0]LogTemp:Display: Loaded TP WindowsClientTargetPlatform
[2018.02.10-14.18.33:077][  0]LogTemp:Display: Loaded TP WindowsNoEditorTargetPlatform
[2018.02.10-14.18.33:124][  0]LogTemp:Display: Loaded TP WindowsServerTargetPlatform
[2018.02.10-14.18.33:160][  0]LogTemp:Display: Loaded TP WindowsTargetPlatform
[2018.02.10-14.18.33:238][  0]LogTemp:Display: Loaded TP AndroidTargetPlatform
[2018.02.10-14.18.33:305][  0]LogTemp:Display: Loaded TP Android_ASTCTargetPlatform
[2018.02.10-14.18.33:367][  0]LogTemp:Display: Loaded TP Android_ATCTargetPlatform
[2018.02.10-14.18.33:441][  0]LogTemp:Display: Loaded TP Android_DXTTargetPlatform
[2018.02.10-14.18.33:501][  0]LogTemp:Display: Loaded TP Android_ETC1TargetPlatform
[2018.02.10-14.18.33:573][  0]LogTemp:Display: Loaded TP Android_ETC2TargetPlatform
[2018.02.10-14.18.33:904][  0]LogTemp:Display: Loaded TP Android_MultiTargetPlatform
[2018.02.10-14.18.33:904][  0]LogTemp:Display: Loaded TP Android_PVRTCTargetPlatform
[2018.02.10-14.18.33:936][  0]LogTemp:Display: Loaded TP HTML5TargetPlatform
[2018.02.10-14.18.34:147][  0]LogTemp:Display: Loaded TP IOSTargetPlatform
[2018.02.10-14.18.34:181][  0]LogTemp:Display: Loaded TP TVOSTargetPlatform
[2018.02.10-14.18.34:231][  0]LogTemp:Display: Loaded TP LinuxClientTargetPlatform
[2018.02.10-14.18.34:280][  0]LogTemp:Display: Loaded TP LinuxNoEditorTargetPlatform
[2018.02.10-14.18.34:329][  0]LogTemp:Display: Loaded TP LinuxServerTargetPlatform
[2018.02.10-14.18.34:390][  0]LogTemp:Display: Loaded TP LinuxTargetPlatform
[2018.02.10-14.18.34:390][  0]LogTargetPlatformManager:Display: Building Assets For Windows
[2018.02.10-14.18.35:676][  0]LogDerivedDataCache:Display: Max Cache Size: 512 MB
[2018.02.10-14.18.36:480][  0]LogDerivedDataCache: Loaded boot cache 0.80s 50MB C:/Users/galak/AppData/Local/UnrealEngine/4.14/DerivedDataCache/Boot.ddc.
[2018.02.10-14.18.36:480][  0]LogDerivedDataCache:Display: Loaded Boot cache: C:/Users/galak/AppData/Local/UnrealEngine/4.14/DerivedDataCache/Boot.ddc
[2018.02.10-14.18.36:480][  0]LogDerivedDataCache: FDerivedDataBackendGraph:  Pak pak cache file C:/Users/galak/Downloads/mercymain/purjola123/mercymain/DerivedDataCache/DDC.ddp not found, will not use a pak cache.
[2018.02.10-14.18.36:480][  0]LogDerivedDataCache: Unable to find inner node Pak for hierarchical cache Hierarchy.
[2018.02.10-14.18.36:480][  0]LogDerivedDataCache: FDerivedDataBackendGraph:  CompressedPak pak cache file C:/Users/galak/Downloads/mercymain/purjola123/mercymain/DerivedDataCache/Compressed.ddp not found, will not use a pak cache.
[2018.02.10-14.18.36:480][  0]LogDerivedDataCache: Unable to find inner node CompressedPak for hierarchical cache Hierarchy.
[2018.02.10-14.18.36:607][  0]LogDerivedDataCache:Display: Pak cache opened for reading ../../../Engine/DerivedDataCache/Compressed.ddp.
[2018.02.10-14.18.36:637][  0]LogDerivedDataCache: Using Local data cache path C:/Users/galak/AppData/Local/UnrealEngine/Common/DerivedDataCache: Writable
[2018.02.10-14.18.43:423][  0]LogInit: Selected Device Profile: [Windows]
[2018.02.10-14.18.43:500][  0]LogContentStreaming: Texture pool size is 0.00 MB
[2018.02.10-14.18.44:265][  0]LogMeshUtilities: Using QuadricMeshReduction for automatic static mesh reduction
[2018.02.10-14.18.44:417][  0]LogSimplygon: Simplygon DLL not present - disabling.
[2018.02.10-14.18.44:474][  0]LogMeshUtilities: Using SimplygonSwarm for distributed automatic mesh merging
[2018.02.10-14.18.44:474][  0]LogMeshUtilities: No automatic skeletal mesh reduction module available
[2018.02.10-14.18.44:474][  0]LogMeshUtilities: No automatic mesh merging module available
[2018.02.10-14.18.49:701][  0]LogNetVersion: GetLocalNetworkVersion: CL: 3195953, ProjectName: mercymain, ProjectVersion: , EngineNetworkVersion: 2, GameNetworkVersion: 0, NetworkChecksum: 2495451988
[2018.02.10-14.18.49:861][  0]LogAssetRegistry: FAssetRegistry took 0.0419 seconds to start up
[2018.02.10-14.18.49:999][  0]LogPackageLocalizationCache: Processed 3 localized package path(s) for 1 prioritized culture(s) in 0.093673 seconds
[2018.02.10-14.18.50:006][  0]LogUObjectArray: 31946 objects as part of root set at end of initial load.
[2018.02.10-14.18.50:006][  0]LogUObjectAllocator: 6935848 out of 0 bytes used by permanent object pool.
[2018.02.10-14.18.50:006][  0]LogUObjectArray: CloseDisregardForGC: 0/0 objects in disregard for GC pool
[2018.02.10-14.18.50:050][  0]LogInit: WinSock: version 1.1 (2.2), MaxSocks=32767, MaxUdp=65467
[2018.02.10-14.18.52:242][  0]LogSlate: Using Freetype 2.6.0
[2018.02.10-14.18.52:347][  0]LogSlate: SlateFontCache - WITH_FREETYPE: 1, WITH_HARFBUZZ: 1
[2018.02.10-14.18.52:347][  0]LogSlate: SlateFontCache - WITH_FREETYPE: 1, WITH_HARFBUZZ: 1
[2018.02.10-14.19.12:563][  0]LogSubstanceCoreModule: Substance [CPU] Engine Loaded, Max Texture Size = 2048
[2018.02.10-14.19.12:658][  0]LogTcpMessaging: Initializing TcpMessaging bridge
[2018.02.10-14.19.12:711][  0]LogUdpMessaging: Initializing bridge on interface 0.0.0.0:0 to multicast group 230.0.0.1:6666.
[2018.02.10-14.19.13:501][  0]LogMaterial: Uniform references updated for custom material expression Custom.
[2018.02.10-14.19.14:451][  0]SourceControl: Info Source control is disabled
[2018.02.10-14.19.14:461][  0]SourceControl: Info Source control is disabled
[2018.02.10-14.19.14:533][  0]SourceControl: Info Source control is disabled
[2018.02.10-14.19.14:596][  0]SourceControl: Info Source control is disabled
[2018.02.10-14.19.16:996][  0]LogEngine: Initializing Engine...
[2018.02.10-14.19.17:026][  0]LogHMD: Failed to initialize OpenVR with code 110
[2018.02.10-14.19.18:809][  0]LogAIModule: Creating AISystem for world Untitled
[2018.02.10-14.19.18:828][  0]LogInit: XAudio2 using 'Speakers (Realtek High Definition Audio)' : 2 channels at 48 kHz using 32 bits per sample (channel mask 0x3)
[2018.02.10-14.19.18:842][  0]LogInit: FAudioDevice initialized.
[2018.02.10-14.19.18:880][  0]LogDerivedDataCache: Saved boot cache 0.04s 50MB C:/Users/galak/AppData/Local/UnrealEngine/4.14/DerivedDataCache/Boot.ddc.
[2018.02.10-14.19.18:890][  0]LogInit: Texture streaming: Enabled
[2018.02.10-14.19.19:386][  0]LogInit: Transaction tracking system initialized
[2018.02.10-14.19.20:120][  0]BlueprintLog: New page: Editor Load
[2018.02.10-14.19.23:305][  0]LocalizationService: Info Localization service is disabled
[2018.02.10-14.19.25:158][  0]LogConsoleResponse:Display: 
[2018.02.10-14.19.32:071][  0]LogCook:Display: Max memory allowance for cook 16384mb min free memory 0mb
[2018.02.10-14.19.32:071][  0]LogCook:Display: Mobile HDR setting 1
[2018.02.10-14.19.32:283][  0]LogFileCache: Scanning file cache for directory 'C:/Users/galak/Downloads/mercymain/purjola123/mercymain/Content/' took 0.02s
[2018.02.10-14.19.35:189][  0]SourceControl: Info Source control is disabled
[2018.02.10-14.19.35:190][  0]Cmd: MAP LOAD FILE="C:/Users/galak/Downloads/mercymain/purjola123/mercymain/Content/Maps/Introduction.umap" TEMPLATE=0 SHOWPROGRESS=1 FEATURELEVEL=3
[2018.02.10-14.19.35:190][  0]LightingResults: New page: Lighting Build
[2018.02.10-14.19.35:223][  0]MapCheck: New page: Map Check
[2018.02.10-14.19.35:223][  0]LightingResults: New page: Lighting Build
[2018.02.10-14.19.40:833][  0]LogBlueprint:Warning: [Compiler MyCharacter] Warning Node  K2Node_EaseFunction_9 . The node won't be pruned as isolated one. The node is not pure, but it has no exec pin(s). Verify IsNodePure implementation in K2Node Ease Function.
[2018.02.10-14.19.40:835][  0]LogBlueprint:Warning: [Compiler MyCharacter] Warning Node  K2Node_EaseFunction_9 . The node won't be pruned as isolated one. The node is not pure, but it has no exec pin(s). Verify IsNodePure implementation in K2Node Ease Function.
[2018.02.10-14.19.40:855][  0]LogBlueprint:Warning: [Compiler MyCharacter] Warning Node  K2Node_EaseFunction_9 . The node won't be pruned as isolated one. The node is not pure, but it has no exec pin(s). Verify IsNodePure implementation in K2Node Ease Function.
[2018.02.10-14.19.40:856][  0]LogBlueprint:Warning: [Compiler MyCharacter] Warning Node  K2Node_EaseFunction_9 . The node won't be pruned as isolated one. The node is not pure, but it has no exec pin(s). Verify IsNodePure implementation in K2Node Ease Function.
[2018.02.10-14.19.40:868][  0]LogBlueprint:Warning: [Compiler MyCharacter] Warning [0088.31] Compile of MyCharacter successful, but with 4 Warning(s) [in 86 ms] (/Game/Blueprints/MyCharacter.MyCharacter)
[2018.02.10-14.19.40:873][  0]LogBlueprint:Warning: [Compiler MyCharacter] Warning [0088.31] Compile of MyCharacter successful, but with 5 Warning(s) [in 4 ms] (/Game/Blueprints/MyCharacter.MyCharacter)
[2018.02.10-14.19.40:873][  0]LogBlueprint:Warning: [Compiler MyCharacter] Warning [0088.31] Compile of MyCharacter successful, but with 6 Warning(s) [in 0 ms] (/Game/Blueprints/MyCharacter.MyCharacter)
[2018.02.10-14.19.41:293][  0]LogBlueprint:Warning: [Compiler MyCharacter] Warning Node  K2Node_EaseFunction_9 . The node won't be pruned as isolated one. The node is not pure, but it has no exec pin(s). Verify IsNodePure implementation in K2Node Ease Function.
[2018.02.10-14.19.41:295][  0]LogBlueprint:Warning: [Compiler MyCharacter] Warning Node  K2Node_EaseFunction_9 . The node won't be pruned as isolated one. The node is not pure, but it has no exec pin(s). Verify IsNodePure implementation in K2Node Ease Function.
[2018.02.10-14.19.41:311][  0]LogBlueprint:Warning: [Compiler MyCharacter] Warning Node  K2Node_EaseFunction_9 . The node won't be pruned as isolated one. The node is not pure, but it has no exec pin(s). Verify IsNodePure implementation in K2Node Ease Function.
[2018.02.10-14.19.41:312][  0]LogBlueprint:Warning: [Compiler MyCharacter] Warning Node  K2Node_EaseFunction_9 . The node won't be pruned as isolated one. The node is not pure, but it has no exec pin(s). Verify IsNodePure implementation in K2Node Ease Function.
[2018.02.10-14.19.41:324][  0]LogBlueprint:Warning: [Compiler MyCharacter] Warning [0088.76] Compile of MyCharacter successful, but with 4 Warning(s) [in 80 ms] (/Game/Blueprints/MyCharacter.MyCharacter)
[2018.02.10-14.19.41:325][  0]LogBlueprint:Warning: [Compiler MyCharacter] Warning [0088.76] Compile of MyCharacter successful, but with 5 Warning(s) [in 0 ms] (/Game/Blueprints/MyCharacter.MyCharacter)
[2018.02.10-14.19.41:329][  0]LogBlueprint:Warning: [Compiler MyCharacter] Warning [0088.77] Compile of MyCharacter successful, but with 6 Warning(s) [in 4 ms] (/Game/Blueprints/MyCharacter.MyCharacter)
[2018.02.10-14.19.43:393][  0]LogBlueprint:Warning: [Compiler RefreshVolume] Warning Node  K2Node_EaseFunction_9 . The node won't be pruned as isolated one. The node is not pure, but it has no exec pin(s). Verify IsNodePure implementation in K2Node Ease Function.
[2018.02.10-14.19.43:398][  0]LogBlueprint:Warning: [Compiler RefreshVolume] Warning Node  K2Node_EaseFunction_9 . The node won't be pruned as isolated one. The node is not pure, but it has no exec pin(s). Verify IsNodePure implementation in K2Node Ease Function.
[2018.02.10-14.19.43:401][  0]LogBlueprint:Warning: [Compiler RefreshVolume] Warning [0090.84] Compile of RefreshVolume successful, but with 2 Warning(s) [in 19 ms] (/Game/Blueprints/RefreshVolume.RefreshVolume)
[2018.02.10-14.19.43:401][  0]LogBlueprint:Warning: [Compiler RefreshVolume] Warning [0090.84] Compile of RefreshVolume successful, but with 3 Warning(s) [in 0 ms] (/Game/Blueprints/RefreshVolume.RefreshVolume)
[2018.02.10-14.19.43:401][  0]LogBlueprint:Warning: [Compiler RefreshVolume] Warning [0090.84] Compile of RefreshVolume successful, but with 4 Warning(s) [in 0 ms] (/Game/Blueprints/RefreshVolume.RefreshVolume)
[2018.02.10-14.19.43:416][  0]LogBlueprint:Warning: [Compiler RefreshVolume] Warning Node  K2Node_EaseFunction_9 . The node won't be pruned as isolated one. The node is not pure, but it has no exec pin(s). Verify IsNodePure implementation in K2Node Ease Function.
[2018.02.10-14.19.43:420][  0]LogBlueprint:Warning: [Compiler RefreshVolume] Warning Node  K2Node_EaseFunction_9 . The node won't be pruned as isolated one. The node is not pure, but it has no exec pin(s). Verify IsNodePure implementation in K2Node Ease Function.
[2018.02.10-14.19.43:424][  0]LogBlueprint:Warning: [Compiler RefreshVolume] Warning [0090.86] Compile of RefreshVolume successful, but with 2 Warning(s) [in 18 ms] (/Game/Blueprints/RefreshVolume.RefreshVolume)
[2018.02.10-14.19.43:424][  0]LogBlueprint:Warning: [Compiler RefreshVolume] Warning [0090.86] Compile of RefreshVolume successful, but with 3 Warning(s) [in 0 ms] (/Game/Blueprints/RefreshVolume.RefreshVolume)
[2018.02.10-14.19.43:424][  0]LogBlueprint:Warning: [Compiler RefreshVolume] Warning [0090.86] Compile of RefreshVolume successful, but with 4 Warning(s) [in 0 ms] (/Game/Blueprints/RefreshVolume.RefreshVolume)
[2018.02.10-14.19.52:310][  0]LogAIModule: Creating AISystem for world Introduction
[2018.02.10-14.19.52:879][  0]LogEditorServer: Finished looking for orphan Actors (0.000 secs)
[2018.02.10-14.19.52:880][  0]Cmd: MAP CHECKDEP NOCLEARLOG
[2018.02.10-14.19.52:953][  0]MapCheck: Info Map check complete: 0 Error(s), 0 Warning(s), took 72.134ms to complete.
[2018.02.10-14.19.52:953][  0]LogFileHelpers: Loading map 'Introduction' took 17.763
[2018.02.10-14.19.53:205][  0]LogCollectionManager: Loaded 0 collections in 0.001018 seconds
[2018.02.10-14.19.53:279][  0]LogFileCache: Scanning file cache for directory 'C:/Users/galak/Downloads/mercymain/purjola123/mercymain/Saved/Collections/' took 0.01s
[2018.02.10-14.19.53:279][  0]LogFileCache: Scanning file cache for directory 'C:/Users/galak/Downloads/mercymain/purjola123/mercymain/Content/Developers/galak/Collections/' took 0.01s
[2018.02.10-14.19.53:279][  0]LogFileCache: Scanning file cache for directory 'C:/Users/galak/Downloads/mercymain/purjola123/mercymain/Content/Collections/' took 0.01s
[2018.02.10-14.19.53:279][  0]LogCollectionManager: Rebuilt the GUID cache for 0 collections in 0.000002 seconds
[2018.02.10-14.19.53:290][  0]LogContentBrowser: Native class hierarchy populated in 0.0111 seconds. Added 2204 classes and 434 folders.
[2018.02.10-14.19.53:326][  0]LogStats: UGameplayTagsManager::ConstructGameplayTagTree: Construct from data asset -  0.000 s
[2018.02.10-14.19.53:326][  0]LogStats: UGameplayTagsManager::ConstructGameplayTagTree: GameplayTagTreeChangedEvent.Broadcast -  0.000 s
[2018.02.10-14.19.53:327][  0]LogContentBrowser: Native class hierarchy updated for 'GameplayTags' in 0.0014 seconds. Added 13 classes and 0 folders.
[2018.02.10-14.19.53:380][  0]LogContentBrowser: Native class hierarchy updated for 'WidgetCarousel' in 0.0014 seconds. Added 0 classes and 0 folders.
[2018.02.10-14.19.54:295][  0]LogContentBrowser: Native class hierarchy updated for 'AddContentDialog' in 0.0013 seconds. Added 0 classes and 0 folders.
[2018.02.10-14.19.54:376][  0]LogContentBrowser: Native class hierarchy updated for 'SceneOutliner' in 0.0013 seconds. Added 1 classes and 2 folders.
[2018.02.10-14.19.54:472][  0]LogCrashTracker: Crashtracker disabled due to settings.
[2018.02.10-14.19.54:478][  0]LogUObjectGlobals:Warning: Failed to find object 'Class None.'
[2018.02.10-14.19.54:569][  0]LogContentBrowser: Native class hierarchy updated for 'HierarchicalLODOutliner' in 0.0014 seconds. Added 1 classes and 2 folders.
[2018.02.10-14.19.54:569][  0]LogLoad: (Engine Initialization) Total time: 102.01 seconds
[2018.02.10-14.19.54:569][  0]LogLoad: (Engine Initialization) Total Blueprint compile time: 1.53 seconds
[2018.02.10-14.19.54:569][  0]LogExternalProfiler: No external profilers were discovered.  External profiling features will not be available.
[2018.02.10-14.19.54:579][  0]LogOcInput: OculusInput pre-init called
[2018.02.10-14.19.54:597][  0]LogContentStreaming: Texture pool size now 1000 MB
[2018.02.10-14.19.55:105][  0]LogRenderer: Reallocating scene render targets to support 856x372 NumSamples 1 (Frame:2).
[2018.02.10-14.19.55:317][  1]LogAssetRegistry: Asset discovery search completed in 65.4782 seconds
[2018.02.10-14.19.55:317][  1]LogCollectionManager: Rebuilt the object cache for 0 collections in 0.000000 seconds (found 0 objects)
[2018.02.10-14.19.55:317][  1]LogCollectionManager: Fixed up redirectors for 0 collections in 0.000025 seconds (updated 0 objects)
[2018.02.10-14.19.58:588][375]LogTemp: Repeting last play command: Selected Viewport
[2018.02.10-14.19.58:657][375]LogBlueprintUserMessages: Early PlayInEditor Detection: Level '/Game/Maps/Introduction.Introduction:PersistentLevel' has LevelScriptBlueprint '/Game/Maps/Introduction.Introduction:PersistentLevel.Introduction' with GeneratedClass '/Game/Maps/Introduction.Introduction_C' with ClassGeneratedBy '/Game/Maps/Introduction.Introduction:PersistentLevel.Introduction'
[2018.02.10-14.19.58:657][375]LogPlayLevel: PlayLevel: No blueprints needed recompiling
[2018.02.10-14.19.58:658][375]PIE: New page: PIE session: Introduction (Feb 10, 2018, 6:19:58 PM)
[2018.02.10-14.19.58:658][375]LogPlayLevel: Creating play world package: /Game/Maps/UEDPIE_0_Introduction
[2018.02.10-14.19.58:706][375]LogPlayLevel: PIE: StaticDuplicateObject took: (0.047072s)
[2018.02.10-14.19.58:706][375]LogAIModule: Creating AISystem for world Introduction
[2018.02.10-14.19.58:706][375]LogPlayLevel: PIE: World Init took: (0.000816s)
[2018.02.10-14.19.58:707][375]LogPlayLevel: PIE: Created PIE world by copying editor world from /Game/Maps/Introduction.Introduction to /Game/Maps/UEDPIE_0_Introduction.Introduction (0.048596s)
[2018.02.10-14.19.58:767][375]LogInit: XAudio2 using 'Speakers (Realtek High Definition Audio)' : 2 channels at 48 kHz using 32 bits per sample (channel mask 0x3)
[2018.02.10-14.19.58:776][375]LogInit: FAudioDevice initialized.
[2018.02.10-14.19.59:746][375]LogLoad: Game class is 'MyGame_C'
[2018.02.10-14.20.00:327][375]LogWorld: Bringing World /Game/Maps/UEDPIE_0_Introduction.Introduction up for play (max tick rate 0) at 2018.02.10-16.20.00
[2018.02.10-14.20.00:582][375]LogWorld: Bringing up level for play took: 0.815992
[2018.02.10-14.20.00:618][375]LogContentBrowser: Native class hierarchy updated for 'MovieSceneCapture' in 0.0022 seconds. Added 11 classes and 0 folders.
[2018.02.10-14.20.00:618][375]LogGameMode:Display: Match State Changed from EnteringMap to WaitingToStart
[2018.02.10-14.20.00:618][375]LogGameState: Match State Changed from EnteringMap to WaitingToStart
[2018.02.10-14.20.00:618][375]LogGameMode:Display: Match State Changed from WaitingToStart to InProgress
[2018.02.10-14.20.00:725][375]Cmd: stat fps
[2018.02.10-14.20.00:810][375]LogGameState: Match State Changed from WaitingToStart to InProgress
[2018.02.10-14.20.00:811][375]PIE: Info Play in editor start time for /Game/Maps/UEDPIE_0_Introduction 1.291
[2018.02.10-14.20.00:811][375]LogBlueprintUserMessages: Late PlayInEditor Detection: Level '/Game/Maps/Introduction.Introduction:PersistentLevel' has LevelScriptBlueprint '/Game/Maps/Introduction.Introduction:PersistentLevel.Introduction' with GeneratedClass '/Game/Maps/Introduction.Introduction_C' with ClassGeneratedBy '/Game/Maps/Introduction.Introduction:PersistentLevel.Introduction'
[2018.02.10-14.20.06:810][761]Cmd: LevelEditor.ToggleImmersive
[2018.02.10-14.20.06:967][762]LogRenderer: Reallocating scene render targets to support 1116x552 NumSamples 1 (Frame:380).
[2018.02.10-14.20.07:031][763]LogRenderer: Reallocating scene render targets to support 1368x728 NumSamples 1 (Frame:382).
[2018.02.10-14.20.22:466][293]LogBlueprintUserMessages: Early EndPlayMap Detection: Level '/Game/Maps/Introduction.Introduction:PersistentLevel' has LevelScriptBlueprint '/Game/Maps/Introduction.Introduction:PersistentLevel.Introduction' with GeneratedClass '/Game/Maps/Introduction.Introduction_C' with ClassGeneratedBy '/Game/Maps/Introduction.Introduction:PersistentLevel.Introduction'
[2018.02.10-14.20.22:624][293]LogBlueprintUserMessages: Late EndPlayMap Detection: Level '/Game/Maps/Introduction.Introduction:PersistentLevel' has LevelScriptBlueprint '/Game/Maps/Introduction.Introduction:PersistentLevel.Introduction' with GeneratedClass '/Game/Maps/Introduction.Introduction_C' with ClassGeneratedBy '/Game/Maps/Introduction.Introduction:PersistentLevel.Introduction'
[2018.02.10-14.20.24:209][466]Cmd: SELECT NONE
[2018.02.10-14.20.24:810][536]Cmd: SELECT NONE
[2018.02.10-14.20.37:683][381]LogTemp: Repeting last play command: Selected Viewport
[2018.02.10-14.20.37:694][381]LogBlueprintUserMessages: Early PlayInEditor Detection: Level '/Game/Maps/Introduction.Introduction:PersistentLevel' has LevelScriptBlueprint '/Game/Maps/Introduction.Introduction:PersistentLevel.Introduction' with GeneratedClass '/Game/Maps/Introduction.Introduction_C' with ClassGeneratedBy '/Game/Maps/Introduction.Introduction:PersistentLevel.Introduction'
[2018.02.10-14.20.37:694][381]LogPlayLevel: PlayLevel: No blueprints needed recompiling
[2018.02.10-14.20.37:694][381]PIE: New page: PIE session: Introduction (Feb 10, 2018, 6:20:37 PM)
[2018.02.10-14.20.37:694][381]LogPlayLevel: Creating play world package: /Game/Maps/UEDPIE_0_Introduction
[2018.02.10-14.20.38:073][381]LogPlayLevel: PIE: StaticDuplicateObject took: (0.378583s)
[2018.02.10-14.20.38:074][381]LogAIModule: Creating AISystem for world Introduction
[2018.02.10-14.20.38:074][381]LogPlayLevel: PIE: World Init took: (0.000794s)
[2018.02.10-14.20.38:074][381]LogPlayLevel: PIE: Created PIE world by copying editor world from /Game/Maps/Introduction.Introduction to /Game/Maps/UEDPIE_0_Introduction.Introduction (0.379821s)
[2018.02.10-14.20.38:089][381]LogInit: XAudio2 using 'Speakers (Realtek High Definition Audio)' : 2 channels at 48 kHz using 32 bits per sample (channel mask 0x3)
[2018.02.10-14.20.38:098][381]LogInit: FAudioDevice initialized.
[2018.02.10-14.20.38:128][381]LogLoad: Game class is 'MyGame_C'
[2018.02.10-14.20.38:243][381]LogWorld: Bringing World /Game/Maps/UEDPIE_0_Introduction.Introduction up for play (max tick rate 0) at 2018.02.10-16.20.38
[2018.02.10-14.20.38:244][381]LogWorld: Bringing up level for play took: 0.115008
[2018.02.10-14.20.38:246][381]LogGameMode:Display: Match State Changed from EnteringMap to WaitingToStart
[2018.02.10-14.20.38:246][381]LogGameState: Match State Changed from EnteringMap to WaitingToStart
[2018.02.10-14.20.38:246][381]LogGameMode:Display: Match State Changed from WaitingToStart to InProgress
[2018.02.10-14.20.38:253][381]Cmd: stat fps
[2018.02.10-14.20.38:262][381]LogGameState: Match State Changed from WaitingToStart to InProgress
[2018.02.10-14.20.38:263][381]PIE: Info Play in editor start time for /Game/Maps/UEDPIE_0_Introduction 0.743
[2018.02.10-14.20.38:263][381]LogBlueprintUserMessages: Late PlayInEditor Detection: Level '/Game/Maps/Introduction.Introduction:PersistentLevel' has LevelScriptBlueprint '/Game/Maps/Introduction.Introduction:PersistentLevel.Introduction' with GeneratedClass '/Game/Maps/Introduction.Introduction_C' with ClassGeneratedBy '/Game/Maps/Introduction.Introduction:PersistentLevel.Introduction'
[2018.02.10-14.20.40:611][513]Cmd: LevelEditor.ToggleImmersive
[2018.02.10-14.21.21:983][593]LogGameMode:Display: Match State Changed from InProgress to LeavingMap
[2018.02.10-14.21.21:983][593]LogGameState: Match State Changed from InProgress to LeavingMap
[2018.02.10-14.21.21:983][593]LogNet: Browse: /Game/Maps/Introduction
[2018.02.10-14.21.21:984][593]LogLoad: LoadMap: /Game/Maps/Introduction
[2018.02.10-14.21.22:036][593]Cmd: MEM
[2018.02.10-14.21.22:047][593]LogMemory: Platform Memory Stats for Windows
[2018.02.10-14.21.22:047][593]LogMemory: Process Physical Memory: 1176.59 MB used, 1190.13 MB peak
[2018.02.10-14.21.22:047][593]LogMemory: Process Virtual Memory: 1832.23 MB used, 1832.23 MB peak
[2018.02.10-14.21.22:047][593]LogMemory: Physical Memory: 5027.27 MB used,  3103.86 MB free, 8131.13 MB total
[2018.02.10-14.21.22:047][593]LogMemory: Virtual Memory: 2677.45 MB used,  3103.86 MB free, 134217728.00 MB total
[2018.02.10-14.21.22:047][593]LogMemory: 
[2018.02.10-14.21.22:047][593]Allocator Stats for TBB: (not implemented)
[2018.02.10-14.21.22:047][593]LogPlayLevel: Creating play world package: /Game/Maps/UEDPIE_0_Introduction
[2018.02.10-14.21.22:102][593]LogPlayLevel: PIE: StaticDuplicateObject took: (0.054829s)
[2018.02.10-14.21.22:103][593]LogAIModule: Creating AISystem for world Introduction
[2018.02.10-14.21.22:103][593]LogPlayLevel: PIE: World Init took: (0.000603s)
[2018.02.10-14.21.22:103][593]LogPlayLevel: PIE: Created PIE world by copying editor world from /Game/Maps/Introduction.Introduction to /Game/Maps/UEDPIE_0_Introduction.Introduction (0.055728s)
[2018.02.10-14.21.22:103][593]LogLoad: Game class is 'MyGame_C'
[2018.02.10-14.21.22:237][593]LogWorld: Bringing World /Game/Maps/UEDPIE_0_Introduction.Introduction up for play (max tick rate 0) at 2018.02.10-16.21.22
[2018.02.10-14.21.22:238][593]LogWorld: Bringing up level for play took: 0.134021
[2018.02.10-14.21.22:239][593]LogGameMode:Display: Match State Changed from EnteringMap to WaitingToStart
[2018.02.10-14.21.22:239][593]LogGameState: Match State Changed from EnteringMap to WaitingToStart
[2018.02.10-14.21.22:239][593]LogGameMode:Display: Match State Changed from WaitingToStart to InProgress
[2018.02.10-14.21.22:244][593]Cmd: stat fps
[2018.02.10-14.21.22:251][593]LogGameState: Match State Changed from WaitingToStart to InProgress
[2018.02.10-14.21.22:251][593]LogLoad: Took 0.267383 seconds to LoadMap(/Game/Maps/UEDPIE_0_Introduction)
[2018.02.10-14.21.58:612][478]LogGameMode:Display: Match State Changed from InProgress to LeavingMap
[2018.02.10-14.21.58:612][478]LogGameState: Match State Changed from InProgress to LeavingMap
[2018.02.10-14.21.58:613][478]LogNet: Browse: /Game/Maps/TEST
[2018.02.10-14.21.58:652][478]LogLoad: LoadMap: /Game/Maps/TEST
[2018.02.10-14.21.58:691][478]Cmd: MEM
[2018.02.10-14.21.58:702][478]LogMemory: Platform Memory Stats for Windows
[2018.02.10-14.21.58:702][478]LogMemory: Process Physical Memory: 1203.88 MB used, 1207.27 MB peak
[2018.02.10-14.21.58:702][478]LogMemory: Process Virtual Memory: 1933.86 MB used, 1933.86 MB peak
[2018.02.10-14.21.58:702][478]LogMemory: Physical Memory: 4983.08 MB used,  3148.05 MB free, 8131.13 MB total
[2018.02.10-14.21.58:702][478]LogMemory: Virtual Memory: 2771.26 MB used,  3148.05 MB free, 134217728.00 MB total
[2018.02.10-14.21.58:702][478]LogMemory: 
[2018.02.10-14.21.58:702][478]Allocator Stats for TBB: (not implemented)
[2018.02.10-14.22.02:183][478]LogAIModule: Creating AISystem for world TEST
[2018.02.10-14.22.02:183][478]LogLoad: Game class is 'MyGame_C'
[2018.02.10-14.22.02:200][478]LogActorComponent: RegisterComponentWithWorld: (/Game/Maps/UEDPIE_0_TEST.TEST:PersistentLevel.WorldSettings_1.StaticMeshComponent0) Trying to register component with IsPendingKill() == true. Aborting.
[2018.02.10-14.22.02:293][478]LogWorld: Bringing World /Game/Maps/UEDPIE_0_TEST.TEST up for play (max tick rate 0) at 2018.02.10-16.22.02
[2018.02.10-14.22.02:294][478]LogWorld: Bringing up level for play took: 0.109457
[2018.02.10-14.22.02:330][478]LogGameMode:Display: Match State Changed from EnteringMap to WaitingToStart
[2018.02.10-14.22.02:330][478]LogGameState: Match State Changed from EnteringMap to WaitingToStart
[2018.02.10-14.22.02:330][478]LogGameMode:Display: Match State Changed from WaitingToStart to InProgress
[2018.02.10-14.22.02:335][478]Cmd: stat fps
[2018.02.10-14.22.02:340][478]LogGameState: Match State Changed from WaitingToStart to InProgress
[2018.02.10-14.22.02:340][478]LogLoad: Took 3.688477 seconds to LoadMap(/Game/Maps/TEST)
[2018.02.10-14.22.03:280][479]LogBlueprintUserMessages: Early EndPlayMap Detection: Level '/Game/Maps/Introduction.Introduction:PersistentLevel' has LevelScriptBlueprint '/Game/Maps/Introduction.Introduction:PersistentLevel.Introduction' with GeneratedClass '/Game/Maps/Introduction.Introduction_C' with ClassGeneratedBy '/Game/Maps/Introduction.Introduction:PersistentLevel.Introduction'
[2018.02.10-14.22.03:411][479]LogBlueprintUserMessages: Late EndPlayMap Detection: Level '/Game/Maps/Introduction.Introduction:PersistentLevel' has LevelScriptBlueprint '/Game/Maps/Introduction.Introduction:PersistentLevel.Introduction' with GeneratedClass '/Game/Maps/Introduction.Introduction_C' with ClassGeneratedBy '/Game/Maps/Introduction.Introduction:PersistentLevel.Introduction'
[2018.02.10-14.22.04:393][571]Cmd: SELECT NONE
[2018.02.10-14.22.05:826][740]Cmd: SELECT NONE
[2018.02.10-14.22.08:900][ 51]LogWindowsTextInputMethodSystem:Display: IME system now deactivated.
[2018.02.10-14.22.09:443][ 52]Cmd: QUIT_EDITOR
[2018.02.10-14.22.09:823][ 52]LogExit: Preparing to exit.
[2018.02.10-14.22.11:202][ 52]LogExit: Editor shut down
[2018.02.10-14.22.11:203][ 52]LogExit: Transaction tracking system shut down
[2018.02.10-14.22.12:250][ 52]LogObj: Freed 0b from 0 cluster array pools.
[2018.02.10-14.22.12:250][ 52]LogExit: Object subsystem successfully closed.
[2018.02.10-14.22.12:318][ 52]LogD3D11RHI: Shutdown
[2018.02.10-14.22.12:318][ 52]LogD3D11RHI: CleanupD3DDevice
[2018.02.10-14.22.12:469][ 52]LogD3D11RHI: ~FD3D11DynamicRHI
[2018.02.10-14.22.12:627][ 52]LogHttp:Display: Http module shutting down, but needs to wait on 1 outstanding Http requests:
[2018.02.10-14.22.12:627][ 52]LogHttp:Display: 	verb=[POST] url=[https://datarouter.ol.epicgames.com/datarouter/api/v1/public/data?SessionID=%7B17B70E6D-4322-AD8A-FBFD-77BBC51378A3%7D&AppID=UEEditor.Rocket.Release&AppVersion=4.14.3-3249277%2B%2B%2BUE4%2BRelease-4.14&UserID=953297ca4152f501f7e2feb861db4938%7C2b331ad27fed409f8edc5e07fc79aea2%7Cfc11ef82-c40b-471a-afe1-454db4a8ca8b&AppEnvironment=datacollector-binary&UploadType=eteventstream] status=Processing
[2018.02.10-14.22.12:706][ 52]LogModuleManager: Shutting down and abandoning module MovieSceneCapture (244)
[2018.02.10-14.22.12:706][ 52]LogModuleManager: Shutting down and abandoning module HierarchicalLODOutliner (243)
[2018.02.10-14.22.12:707][ 52]LogModuleManager: Shutting down and abandoning module CrashTracker (242)
[2018.02.10-14.22.12:707][ 52]LogModuleManager: Shutting down and abandoning module SceneOutliner (241)
[2018.02.10-14.22.12:707][ 52]LogModuleManager: Shutting down and abandoning module WidgetCarousel (240)
[2018.02.10-14.22.12:707][ 52]LogModuleManager: Shutting down and abandoning module AddContentDialog (239)
[2018.02.10-14.22.12:730][ 52]LogDirectoryWatcher: A directory notification for 'D:/Program Files/Epic Games/UE_4.14/FeaturePacks/' was aborted.
[2018.02.10-14.22.12:731][ 52]LogModuleManager: Shutting down and abandoning module GameplayTags (238)
[2018.02.10-14.22.12:731][ 52]LogModuleManager: Shutting down and abandoning module EditorWidgets (237)
[2018.02.10-14.22.12:731][ 52]LogModuleManager: Shutting down and abandoning module CollectionManager (236)
[2018.02.10-14.22.12:731][ 52]LogDirectoryWatcher: A directory notification for 'C:/Users/galak/Downloads/mercymain/purjola123/mercymain/Content/Collections/' was aborted.
[2018.02.10-14.22.12:731][ 52]LogDirectoryWatcher: A directory notification for 'C:/Users/galak/Downloads/mercymain/purjola123/mercymain/Content/Developers/galak/Collections/' was aborted.
[2018.02.10-14.22.12:731][ 52]LogDirectoryWatcher: A directory notification for 'C:/Users/galak/Downloads/mercymain/purjola123/mercymain/Saved/Collections/' was aborted.
[2018.02.10-14.22.12:731][ 52]LogModuleManager: Shutting down and abandoning module StatsViewer (235)
[2018.02.10-14.22.12:731][ 52]LogModuleManager: Shutting down and abandoning module FoliageEdit (234)
[2018.02.10-14.22.12:731][ 52]LogModuleManager: Shutting down and abandoning module LandscapeEditor (233)
[2018.02.10-14.22.12:732][ 52]LogModuleManager: Shutting down and abandoning module SceneDepthPickerMode (232)
[2018.02.10-14.22.12:732][ 52]LogModuleManager: Shutting down and abandoning module ActorPickerMode (231)
[2018.02.10-14.22.12:732][ 52]LogModuleManager: Shutting down and abandoning module GeometryMode (230)
[2018.02.10-14.22.12:732][ 52]LogModuleManager: Shutting down and abandoning module TextureAlignMode (229)
[2018.02.10-14.22.12:732][ 52]LogModuleManager: Shutting down and abandoning module BspMode (228)
[2018.02.10-14.22.12:732][ 52]LogModuleManager: Shutting down and abandoning module HardwareSurvey (227)
[2018.02.10-14.22.12:732][ 52]LogModuleManager: Shutting down and abandoning module SequenceRecorderSections (226)
[2018.02.10-14.22.12:732][ 52]LogModuleManager: Shutting down and abandoning module AutomationWorker (225)
[2018.02.10-14.22.12:732][ 52]LogModuleManager: Shutting down and abandoning module MatineeToLevelSequence (224)
[2018.02.10-14.22.12:732][ 52]LogModuleManager: Shutting down and abandoning module PlacementMode (223)
[2018.02.10-14.22.12:732][ 52]LogModuleManager: Shutting down and abandoning module LevelSequenceEditor (222)
[2018.02.10-14.22.12:746][ 52]LogModuleManager: Shutting down and abandoning module WmfMediaFactory (221)
[2018.02.10-14.22.12:746][ 52]LogModuleManager: Shutting down and abandoning module WmfMediaEditor (220)
[2018.02.10-14.22.12:746][ 52]LogModuleManager: Shutting down and abandoning module AvfMediaFactory (219)
[2018.02.10-14.22.12:746][ 52]LogModuleManager: Shutting down and abandoning module AvfMediaEditor (218)
[2018.02.10-14.22.12:746][ 52]LogModuleManager: Shutting down and abandoning module Media (217)
[2018.02.10-14.22.12:746][ 52]LogModuleManager: Shutting down and abandoning module AndroidMediaFactory (216)
[2018.02.10-14.22.12:746][ 52]LogModuleManager: Shutting down and abandoning module AndroidMediaEditor (215)
[2018.02.10-14.22.12:746][ 52]LogModuleManager: Shutting down and abandoning module CharacterAI (214)
[2018.02.10-14.22.12:746][ 52]LogModuleManager: Shutting down and abandoning module SequenceRecorder (213)
[2018.02.10-14.22.12:756][ 52]LogModuleManager: Shutting down and abandoning module AudioCapture (212)
[2018.02.10-14.22.12:756][ 52]LogModuleManager: Shutting down and abandoning module SmartSnapping (211)
[2018.02.10-14.22.12:756][ 52]LogModuleManager: Shutting down and abandoning module SessionServices (210)
[2018.02.10-14.22.12:756][ 52]LogModuleManager: Shutting down and abandoning module ViewportSnapping (209)
[2018.02.10-14.22.12:756][ 52]LogModuleManager: Shutting down and abandoning module ViewportInteraction (208)
[2018.02.10-14.22.12:756][ 52]LogModuleManager: Shutting down and abandoning module LogVisualizer (207)
[2018.02.10-14.22.12:756][ 52]LogModuleManager: Shutting down and abandoning module GameProjectGeneration (206)
[2018.02.10-14.22.12:771][ 52]LogModuleManager: Shutting down and abandoning module IntroTutorials (205)
[2018.02.10-14.22.12:771][ 52]LogModuleManager: Shutting down and abandoning module EditorLiveStreaming (204)
[2018.02.10-14.22.12:771][ 52]LogModuleManager: Shutting down and abandoning module IOSPlatformEditor (203)
[2018.02.10-14.22.12:771][ 52]LogModuleManager: Shutting down and abandoning module HTML5PlatformEditor (202)
[2018.02.10-14.22.12:771][ 52]LogModuleManager: Shutting down and abandoning module AndroidDeviceDetection (201)
[2018.02.10-14.22.13:335][ 52]LogModuleManager: Shutting down and abandoning module AndroidPlatformEditor (200)
[2018.02.10-14.22.13:335][ 52]LogModuleManager: Shutting down and abandoning module IOSRuntimeSettings (199)
[2018.02.10-14.22.13:335][ 52]LogModuleManager: Shutting down and abandoning module AndroidRuntimeSettings (198)
[2018.02.10-14.22.13:335][ 52]LogModuleManager: Shutting down and abandoning module InputBindingEditor (197)
[2018.02.10-14.22.13:335][ 52]LogModuleManager: Shutting down and abandoning module NiagaraEditor (196)
[2018.02.10-14.22.13:335][ 52]LogModuleManager: Shutting down and abandoning module MergeActors (195)
[2018.02.10-14.22.13:335][ 52]LogModuleManager: Shutting down and abandoning module SizeMap (194)
[2018.02.10-14.22.13:335][ 52]LogModuleManager: Shutting down and abandoning module TreeMap (193)
[2018.02.10-14.22.13:335][ 52]LogModuleManager: Shutting down and abandoning module ReferenceViewer (192)
[2018.02.10-14.22.13:335][ 52]LogModuleManager: Shutting down and abandoning module LocalizationService (191)
[2018.02.10-14.22.13:335][ 52]LogModuleManager: Shutting down and abandoning module LocalizationDashboard (190)
[2018.02.10-14.22.13:335][ 52]LogModuleManager: Shutting down and abandoning module HardwareTargeting (189)
[2018.02.10-14.22.13:416][ 52]LogModuleManager: Shutting down and abandoning module DeviceProfileEditor (188)
[2018.02.10-14.22.13:416][ 52]LogModuleManager: Shutting down and abandoning module UndoHistory (187)
[2018.02.10-14.22.13:416][ 52]LogModuleManager: Shutting down and abandoning module UserFeedback (186)
[2018.02.10-14.22.13:416][ 52]LogModuleManager: Shutting down and abandoning module XmlParser (185)
[2018.02.10-14.22.13:416][ 52]LogModuleManager: Shutting down and abandoning module Blutility (184)
[2018.02.10-14.22.13:416][ 52]LogModuleManager: Shutting down and abandoning module ProjectTargetPlatformEditor (183)
[2018.02.10-14.22.13:416][ 52]LogModuleManager: Shutting down and abandoning module ProjectSettingsViewer (182)
[2018.02.10-14.22.13:416][ 52]LogModuleManager: Shutting down and abandoning module EditorSettingsViewer (181)
[2018.02.10-14.22.13:416][ 52]LogModuleManager: Shutting down and abandoning module SettingsEditor (180)
[2018.02.10-14.22.13:416][ 52]LogModuleManager: Shutting down and abandoning module ProjectLauncher (179)
[2018.02.10-14.22.13:416][ 52]LogModuleManager: Shutting down and abandoning module SessionFrontend (178)
[2018.02.10-14.22.13:416][ 52]LogModuleManager: Shutting down and abandoning module ProfilerClient (177)
[2018.02.10-14.22.13:416][ 52]LogModuleManager: Shutting down and abandoning module TargetDeviceServices (176)
[2018.02.10-14.22.13:416][ 52]LogModuleManager: Shutting down and abandoning module DeviceManager (175)
[2018.02.10-14.22.13:459][ 52]LogModuleManager: Shutting down and abandoning module AutomationController (174)
[2018.02.10-14.22.13:459][ 52]LogModuleManager: Shutting down and abandoning module AutomationWindow (173)
[2018.02.10-14.22.13:459][ 52]LogModuleManager: Shutting down and abandoning module Layers (172)
[2018.02.10-14.22.13:459][ 52]LogModuleManager: Shutting down and abandoning module ComponentVisualizers (171)
[2018.02.10-14.22.13:459][ 52]LogModuleManager: Shutting down and abandoning module DetailCustomizations (170)
[2018.02.10-14.22.13:470][ 52]LogModuleManager: Shutting down and abandoning module PackagesDialog (169)
[2018.02.10-14.22.13:470][ 52]LogModuleManager: Shutting down and abandoning module AnimGraph (168)
[2018.02.10-14.22.13:470][ 52]LogModuleManager: Shutting down and abandoning module Persona (167)
[2018.02.10-14.22.13:470][ 52]LogModuleManager: Shutting down and abandoning module Kismet (166)
[2018.02.10-14.22.13:474][ 52]LogModuleManager: Shutting down and abandoning module GraphEditor (165)
[2018.02.10-14.22.13:505][ 52]LogModuleManager: Shutting down and abandoning module ClassViewer (164)
[2018.02.10-14.22.13:505][ 52]LogModuleManager: Shutting down and abandoning module Toolbox (163)
[2018.02.10-14.22.13:505][ 52]LogModuleManager: Shutting down and abandoning module ModuleUI (162)
[2018.02.10-14.22.13:505][ 52]LogModuleManager: Shutting down and abandoning module MovieSceneTools (161)
[2018.02.10-14.22.13:525][ 52]LogModuleManager: Shutting down and abandoning module OutputLog (160)
[2018.02.10-14.22.13:525][ 52]LogModuleManager: Shutting down and abandoning module GammaUI (159)
[2018.02.10-14.22.13:526][ 52]LogModuleManager: Shutting down and abandoning module Documentation (158)
[2018.02.10-14.22.13:526][ 52]LogModuleManager: Shutting down and abandoning module Niagara (157)
[2018.02.10-14.22.13:526][ 52]LogModuleManager: Shutting down and abandoning module StreamingPauseRendering (156)
[2018.02.10-14.22.13:526][ 52]LogModuleManager: Shutting down and abandoning module AnalyticsET (155)
[2018.02.10-14.22.13:526][ 52]LogModuleManager: Shutting down and abandoning module PortalServices (154)
[2018.02.10-14.22.13:526][ 52]LogModuleManager: Shutting down and abandoning module PortalRpc (153)
[2018.02.10-14.22.13:526][ 52]LogModuleManager: Shutting down and abandoning module MessagingRpc (152)
[2018.02.10-14.22.13:526][ 52]LogModuleManager: Shutting down and abandoning module GameplayDebugger (151)
[2018.02.10-14.22.13:531][ 52]LogModuleManager: Shutting down and abandoning module AITestSuite (150)
[2018.02.10-14.22.13:532][ 52]LogModuleManager: Shutting down and abandoning module AIModule (149)
[2018.02.10-14.22.13:532][ 52]LogModuleManager: Shutting down and abandoning module ProfilerService (148)
[2018.02.10-14.22.13:744][ 52]LogModuleManager: Shutting down and abandoning module TaskGraph (147)
[2018.02.10-14.22.13:744][ 52]LogModuleManager: Shutting down and abandoning module SubstanceEditor (146)
[2018.02.10-14.22.13:744][ 52]LogModuleManager: Shutting down and abandoning module SlateRemote (145)
[2018.02.10-14.22.13:744][ 52]LogModuleManager: Shutting down and abandoning module SteamVRController (144)
[2018.02.10-14.22.13:744][ 52]LogModuleManager: Shutting down and abandoning module SteamVR (143)
[2018.02.10-14.22.13:744][ 52]LogModuleManager: Shutting down and abandoning module ProceduralMeshComponentEditor (142)
[2018.02.10-14.22.13:744][ 52]LogModuleManager: Shutting down and abandoning module ProceduralMeshComponent (141)
[2018.02.10-14.22.13:744][ 52]LogModuleManager: Shutting down and abandoning module OculusLibrary (140)
[2018.02.10-14.22.13:744][ 52]LogModuleManager: Shutting down and abandoning module OculusInput (139)
[2018.02.10-14.22.13:744][ 52]LogModuleManager: Shutting down and abandoning module MobilePatchingUtils (138)
[2018.02.10-14.22.13:744][ 52]LogModuleManager: Shutting down and abandoning module CustomMeshComponent (137)
[2018.02.10-14.22.13:744][ 52]LogModuleManager: Shutting down and abandoning module CableComponent (136)
[2018.02.10-14.22.13:744][ 52]LogModuleManager: Shutting down and abandoning module ArchVisCharacter (135)
[2018.02.10-14.22.13:744][ 52]LogModuleManager: Shutting down and abandoning module MediaPlayerEditor (133)
[2018.02.10-14.22.13:744][ 52]LogModuleManager: Shutting down and abandoning module HTML5Networking (132)
[2018.02.10-14.22.13:744][ 52]LogModuleManager: Shutting down and abandoning module GeometryCacheEd (131)
[2018.02.10-14.22.13:744][ 52]LogModuleManager: Shutting down and abandoning module GeometryCache (130)
[2018.02.10-14.22.13:744][ 52]LogModuleManager: Shutting down and abandoning module AlembicLibrary (129)
[2018.02.10-14.22.13:744][ 52]LogModuleManager: Shutting down and abandoning module AlembicImporter (128)
[2018.02.10-14.22.13:744][ 52]LogModuleManager: Shutting down and abandoning module SuperSearch (127)
[2018.02.10-14.22.13:744][ 52]LogModuleManager: Shutting down and abandoning module SuperSearchEditor (126)
[2018.02.10-14.22.13:744][ 52]LogModuleManager: Shutting down and abandoning module SpeedTreeImporter (125)
[2018.02.10-14.22.13:744][ 52]LogModuleManager: Shutting down and abandoning module PluginBrowser (124)
[2018.02.10-14.22.13:744][ 52]LogModuleManager: Shutting down and abandoning module MobileLauncherProfileWizard (123)
[2018.02.10-14.22.13:744][ 52]LogModuleManager: Shutting down and abandoning module EpicSurvey (122)
[2018.02.10-14.22.13:745][ 52]LogModuleManager: Shutting down and abandoning module DesktopPlatform (121)
[2018.02.10-14.22.13:745][ 52]LogModuleManager: Shutting down and abandoning module VisualStudioSourceCodeAccess (120)
[2018.02.10-14.22.13:745][ 52]LogModuleManager: Shutting down and abandoning module UObjectPlugin (119)
[2018.02.10-14.22.13:745][ 52]LogModuleManager: Shutting down and abandoning module SubversionSourceControl (118)
[2018.02.10-14.22.13:745][ 52]LogModuleManager: Shutting down and abandoning module PerforceSourceControl (117)
[2018.02.10-14.22.13:745][ 52]LogModuleManager: Shutting down and abandoning module SourceControl (116)
[2018.02.10-14.22.13:763][ 52]LogModuleManager: Shutting down and abandoning module GitSourceControl (115)
[2018.02.10-14.22.13:763][ 52]LogModuleManager: Shutting down and abandoning module LightPropagationVolumeEditor (114)
[2018.02.10-14.22.13:763][ 52]LogModuleManager: Shutting down and abandoning module PaperTiledImporter (113)
[2018.02.10-14.22.13:763][ 52]LogModuleManager: Shutting down and abandoning module PaperSpriteSheetImporter (112)
[2018.02.10-14.22.13:763][ 52]LogModuleManager: Shutting down and abandoning module MeshPaint (111)
[2018.02.10-14.22.13:763][ 52]LogModuleManager: Shutting down and abandoning module PixelInspectorModule (110)
[2018.02.10-14.22.13:763][ 52]LogModuleManager: Shutting down and abandoning module HotReload (109)
[2018.02.10-14.22.13:764][ 52]LogModuleManager: Shutting down and abandoning module MainFrame (108)
[2018.02.10-14.22.13:764][ 52]LogModuleManager: Shutting down and abandoning module LevelEditor (107)
[2018.02.10-14.22.13:776][ 52]LogModuleManager: Shutting down and abandoning module ContentBrowser (106)
[2018.02.10-14.22.13:776][ 52]LogModuleManager: Shutting down and abandoning module Paper2DEditor (105)
[2018.02.10-14.22.13:776][ 52]LogModuleManager: Shutting down and abandoning module UdpMessaging (104)
[2018.02.10-14.22.13:877][ 52]LogModuleManager: Shutting down and abandoning module TcpMessaging (103)
[2018.02.10-14.22.13:978][ 52]LogModuleManager: Shutting down and abandoning module SubstanceCore (102)
[2018.02.10-14.22.13:994][ 52]LogModuleManager: Shutting down and abandoning module LightPropagationVolumeRuntime (101)
[2018.02.10-14.22.13:994][ 52]LogModuleManager: Shutting down and abandoning module Paper2D (100)
[2018.02.10-14.22.13:994][ 52]LogModuleManager: Shutting down and abandoning module WindowsMoviePlayer (99)
[2018.02.10-14.22.13:994][ 52]LogModuleManager: Shutting down and abandoning module WmfMedia (98)
[2018.02.10-14.22.13:995][ 52]LogModuleManager: Shutting down and abandoning module MediaAssets (97)
[2018.02.10-14.22.13:995][ 52]LogModuleManager: Shutting down and abandoning module GameLiveStreaming (96)
[2018.02.10-14.22.13:995][ 52]LogModuleManager: Shutting down and abandoning module GameplayTagsEditor (95)
[2018.02.10-14.22.13:995][ 52]LogModuleManager: Shutting down and abandoning module VREditor (94)
[2018.02.10-14.22.13:995][ 52]LogModuleManager: Shutting down and abandoning module GameplayTasksEditor (93)
[2018.02.10-14.22.13:995][ 52]LogModuleManager: Shutting down and abandoning module BehaviorTreeEditor (92)
[2018.02.10-14.22.13:995][ 52]LogModuleManager: Shutting down and abandoning module FunctionalTesting (91)
[2018.02.10-14.22.13:995][ 52]LogModuleManager: Shutting down and abandoning module CollisionAnalyzer (90)
[2018.02.10-14.22.13:995][ 52]LogModuleManager: Shutting down and abandoning module Sequencer (89)
[2018.02.10-14.22.14:021][ 52]LogModuleManager: Shutting down and abandoning module WorkspaceMenuStructure (88)
[2018.02.10-14.22.14:021][ 52]LogModuleManager: Shutting down and abandoning module MessageLog (87)
[2018.02.10-14.22.14:021][ 52]LogModuleManager: Shutting down and abandoning module AssetTools (86)
[2018.02.10-14.22.14:021][ 52]LogModuleManager: Shutting down and abandoning module UMGEditor (85)
[2018.02.10-14.22.14:047][ 52]LogModuleManager: Shutting down and abandoning module UMG (84)
[2018.02.10-14.22.14:047][ 52]LogModuleManager: Shutting down and abandoning module SlateReflector (83)
[2018.02.10-14.22.14:047][ 52]LogModuleManager: Shutting down and abandoning module Slate (82)
[2018.02.10-14.22.14:047][ 52]LogModuleManager: Shutting down and abandoning module EditorStyle (81)
[2018.02.10-14.22.14:049][ 52]LogModuleManager: Shutting down and abandoning module SourceCodeAccess (80)
[2018.02.10-14.22.14:049][ 52]LogModuleManager: Shutting down and abandoning module HeadMountedDisplay (79)
[2018.02.10-14.22.14:049][ 52]LogModuleManager: Shutting down and abandoning module XAudio2 (78)
[2018.02.10-14.22.14:049][ 52]LogModuleManager: Shutting down and abandoning module Networking (76)
[2018.02.10-14.22.14:049][ 52]LogModuleManager: Shutting down and abandoning module Core (75)
[2018.02.10-14.22.14:049][ 52]LogModuleManager: Shutting down and abandoning module DirectoryWatcher (74)
[2018.02.10-14.22.14:049][ 52]LogDirectoryWatcher: A directory notification for '../../../Engine/Content/' was aborted.
[2018.02.10-14.22.14:049][ 52]LogDirectoryWatcher: A directory notification for 'C:/Users/galak/Downloads/mercymain/purjola123/mercymain/Content/' was aborted.
[2018.02.10-14.22.14:050][ 52]LogDirectoryWatcher: A directory notification for '../../../Engine/Plugins/2D/Paper2D/Content/' was aborted.
[2018.02.10-14.22.14:050][ 52]LogModuleManager: Shutting down and abandoning module AssetRegistry (73)
[2018.02.10-14.22.14:173][ 52]LogModuleManager: Shutting down and abandoning module KismetCompiler (72)
[2018.02.10-14.22.14:173][ 52]LogModuleManager: Shutting down and abandoning module PhysXFormats (71)
[2018.02.10-14.22.14:173][ 52]LogModuleManager: Shutting down and abandoning module SimplygonSwarm (70)
[2018.02.10-14.22.14:173][ 52]LogModuleManager: Shutting down and abandoning module SimplygonMeshReduction (69)
[2018.02.10-14.22.14:173][ 52]LogModuleManager: Shutting down and abandoning module QuadricMeshReduction (68)
[2018.02.10-14.22.14:173][ 52]LogModuleManager: Shutting down and abandoning module PropertyEditor (67)
[2018.02.10-14.22.14:173][ 52]LogModuleManager: Shutting down and abandoning module MeshUtilities (66)
[2018.02.10-14.22.14:173][ 52]LogModuleManager: Shutting down and abandoning module DerivedDataCache (65)
[2018.02.10-14.22.14:259][ 52]LogDerivedDataCache: Shutdown
[2018.02.10-14.22.14:259][ 52]LogModuleManager: Shutting down and abandoning module VulkanShaderFormat (64)
[2018.02.10-14.22.14:259][ 52]LogModuleManager: Shutting down and abandoning module ShaderFormatOpenGL (63)
[2018.02.10-14.22.14:273][ 52]LogModuleManager: Shutting down and abandoning module ShaderFormatD3D (62)
[2018.02.10-14.22.14:273][ 52]LogModuleManager: Shutting down and abandoning module MetalShaderFormat (61)
[2018.02.10-14.22.14:286][ 52]LogModuleManager: Shutting down and abandoning module TextureFormatUncompressed (60)
[2018.02.10-14.22.14:286][ 52]LogModuleManager: Shutting down and abandoning module TextureFormatPVR (59)
[2018.02.10-14.22.14:286][ 52]LogModuleManager: Shutting down and abandoning module TextureFormatDXT (58)
[2018.02.10-14.22.14:286][ 52]LogModuleManager: Shutting down and abandoning module TextureFormatIntelISPCTexComp (57)
[2018.02.10-14.22.14:321][ 52]LogModuleManager: Shutting down and abandoning module ImageWrapper (56)
[2018.02.10-14.22.14:321][ 52]LogModuleManager: Shutting down and abandoning module TextureFormatASTC (55)
[2018.02.10-14.22.14:321][ 52]LogModuleManager: Shutting down and abandoning module TextureFormatAndroid (54)
[2018.02.10-14.22.14:322][ 52]LogModuleManager: Shutting down and abandoning module AudioFormatOpus (53)
[2018.02.10-14.22.14:322][ 52]LogModuleManager: Shutting down and abandoning module AudioFormatOgg (52)
[2018.02.10-14.22.14:322][ 52]LogModuleManager: Shutting down and abandoning module AudioFormatADPCM (51)
[2018.02.10-14.22.14:322][ 52]LogModuleManager: Shutting down and abandoning module LinuxTargetPlatform (50)
[2018.02.10-14.22.14:322][ 52]LogModuleManager: Shutting down and abandoning module LinuxServerTargetPlatform (49)
[2018.02.10-14.22.14:322][ 52]LogModuleManager: Shutting down and abandoning module LinuxNoEditorTargetPlatform (48)
[2018.02.10-14.22.14:322][ 52]LogModuleManager: Shutting down and abandoning module LinuxClientTargetPlatform (47)
[2018.02.10-14.22.14:322][ 52]LogModuleManager: Shutting down and abandoning module TVOSTargetPlatform (46)
[2018.02.10-14.22.14:322][ 52]LogModuleManager: Shutting down and abandoning module Messaging (45)
[2018.02.10-14.22.14:322][ 52]LogModuleManager: Shutting down and abandoning module IOSTargetPlatform (44)
[2018.02.10-14.22.14:322][ 52]LogModuleManager: Shutting down and abandoning module HTML5TargetPlatform (43)
[2018.02.10-14.22.14:322][ 52]LogModuleManager: Shutting down and abandoning module Android_PVRTCTargetPlatform (42)
[2018.02.10-14.22.14:322][ 52]LogModuleManager: Shutting down and abandoning module Android_MultiTargetPlatform (41)
[2018.02.10-14.22.14:322][ 52]LogModuleManager: Shutting down and abandoning module Android_ETC2TargetPlatform (40)
[2018.02.10-14.22.14:322][ 52]LogModuleManager: Shutting down and abandoning module Android_ETC1TargetPlatform (39)
[2018.02.10-14.22.14:322][ 52]LogModuleManager: Shutting down and abandoning module Android_DXTTargetPlatform (38)
[2018.02.10-14.22.14:322][ 52]LogModuleManager: Shutting down and abandoning module Android_ATCTargetPlatform (37)
[2018.02.10-14.22.14:322][ 52]LogModuleManager: Shutting down and abandoning module Android_ASTCTargetPlatform (36)
[2018.02.10-14.22.14:322][ 52]LogModuleManager: Shutting down and abandoning module AndroidTargetPlatform (35)
[2018.02.10-14.22.14:322][ 52]LogModuleManager: Shutting down and abandoning module WindowsTargetPlatform (34)
[2018.02.10-14.22.14:322][ 52]LogModuleManager: Shutting down and abandoning module WindowsServerTargetPlatform (33)
[2018.02.10-14.22.14:322][ 52]LogModuleManager: Shutting down and abandoning module WindowsNoEditorTargetPlatform (32)
[2018.02.10-14.22.14:322][ 52]LogModuleManager: Shutting down and abandoning module WindowsClientTargetPlatform (31)
[2018.02.10-14.22.14:322][ 52]LogModuleManager: Shutting down and abandoning module MacTargetPlatform (30)
[2018.02.10-14.22.14:322][ 52]LogModuleManager: Shutting down and abandoning module MacServerTargetPlatform (29)
[2018.02.10-14.22.14:322][ 52]LogModuleManager: Shutting down and abandoning module MacNoEditorTargetPlatform (28)
[2018.02.10-14.22.14:322][ 52]LogModuleManager: Shutting down and abandoning module MacClientTargetPlatform (27)
[2018.02.10-14.22.14:322][ 52]LogModuleManager: Shutting down and abandoning module AllDesktopTargetPlatform (26)
[2018.02.10-14.22.14:322][ 52]LogModuleManager: Shutting down and abandoning module TargetPlatform (25)
[2018.02.10-14.22.14:322][ 52]LogModuleManager: Shutting down and abandoning module InputCore (24)
[2018.02.10-14.22.14:322][ 52]LogModuleManager: Shutting down and abandoning module Settings (23)
[2018.02.10-14.22.14:322][ 52]LogModuleManager: Shutting down and abandoning module OculusRift (22)
[2018.02.10-14.22.14:322][ 52]LogModuleManager: Shutting down and abandoning module ExampleDeviceProfileSelector (21)
[2018.02.10-14.22.14:322][ 52]LogModuleManager: Shutting down and abandoning module OnlineBlueprintSupport (20)
[2018.02.10-14.22.14:322][ 52]LogModuleManager: Shutting down and abandoning module OnlineSubsystem (18)
[2018.02.10-14.22.14:322][ 52]LogOnline:Display: Unloading online subsystem: NULL
[2018.02.10-14.22.14:335][ 52]LogModuleManager: Shutting down and abandoning module SSL (17)
[2018.02.10-14.22.14:336][ 52]LogModuleManager: Shutting down and abandoning module HTTP (16)
[2018.02.10-14.22.14:336][ 52]LogModuleManager: Shutting down and abandoning module XMPP (15)
[2018.02.10-14.22.14:337][ 52]LogModuleManager: Shutting down and abandoning module TextureCompressor (14)
[2018.02.10-14.22.14:363][ 52]LogModuleManager: Shutting down and abandoning module ShaderCore (13)
[2018.02.10-14.22.14:363][ 52]LogModuleManager: Shutting down and abandoning module Landscape (12)
[2018.02.10-14.22.14:363][ 52]LogModuleManager: Shutting down and abandoning module SlateRHIRenderer (11)
[2018.02.10-14.22.14:378][ 52]LogModuleManager: Shutting down and abandoning module OpenGLDrv (10)
[2018.02.10-14.22.14:378][ 52]LogModuleManager: Shutting down and abandoning module D3D11RHI (9)
[2018.02.10-14.22.14:378][ 52]LogModuleManager: Shutting down and abandoning module AnimGraphRuntime (8)
[2018.02.10-14.22.14:388][ 52]LogModuleManager: Shutting down and abandoning module Renderer (7)
[2018.02.10-14.22.14:388][ 52]LogModuleManager: Shutting down and abandoning module Engine (6)
[2018.02.10-14.22.14:388][ 52]LogModuleManager: Shutting down and abandoning module CoreUObject (5)
[2018.02.10-14.22.14:388][ 52]LogModuleManager: Shutting down and abandoning module NetworkFile (4)
[2018.02.10-14.22.14:389][ 52]LogModuleManager: Shutting down and abandoning module StreamingFile (3)
[2018.02.10-14.22.14:389][ 52]LogModuleManager: Shutting down and abandoning module SandboxFile (2)
[2018.02.10-14.22.14:389][ 52]LogModuleManager: Shutting down and abandoning module PakFile (1)
[2018.02.10-14.22.14:399][ 52]LogExit: Exiting.
[2018.02.10-14.22.14:401][ 52]Log file closed, 02/10/18 16:22:14
